🚀 스마트 파킹 백엔드 서버를 시작합니다...

Database configuration completed:
- Display DB: http://localhost:12321/pb
- Display LPR: http://pb0007.iptime.org:12332/parking_db
서버 설정이 완료되었습니다.
⚠️  Warning: Using default JWT secret key. Set JWT_SECRET_KEY environment variable for production.
✅ 새로 리팩토링된 RESTful API들이 추가되었습니다:
   ├── /api/v1/central/* (중앙 대시보드)
   ├── /api/v1/vehicle/* (차량 정보)
   ├── /api/v1/billboard/* (전광판)
   ├── /api/v1/display/* (디스플레이)
   ├── /api/v1/led/* (LED 계산)
   └── /api/v1/system/* (시스템 상태)
📚 Swagger 문서가 다음 경로에서 제공됩니다:
   • 기본 Swagger UI (177개 API): http://localhost:8080/docs
   • 완전한 API UI (별칭): http://localhost:8080/docs-complete
   • API 문서: http://localhost:8080/api-docs
   • 기본 OpenAPI 스펙: http://localhost:8080/swagger.yaml
   • 완전한 177개 API 스펙: http://localhost:8080/swagger-complete.yaml
⚠️  레거시 라우트가 활성화되었습니다. 향후 버전에서 제거될 예정입니다.
[File: 'json_folder/B1.json', File: 'json_folder/F1.json']
http://localhost:12321/pb
✅ 초기 설정이 완료되었습니다.

🚀 API Server Information:
   API Version: v1
   Base Path: /api/v1
   Available Endpoints:
   ├── Auth: /api/v1/auth/* (리팩토링됨)
   ├── Users: /api/v1/users/* (리팩토링됨)
   ├── Engine: /api/v1/engine/* (리팩토링됨)
   ├── Settings: /api/v1/settings/* (일부 리팩토링됨)
   ├── Statistics: /api/v1/statistics/* (리팩토링됨)
   ├── Parking: /api/v1/parking/* (일부 리팩토링됨)
   ├── System: /api/v1/system/*
   ├── Monitoring: /api/v1/monitoring/*
   └── Resources: /api/v1/resources/*

주기적 작업이 시작되었습니다.
✅ 서버가 성공적으로 시작되었습니다!
   📍 주소: http://0.0.0.0:8080
   🌐 API 기본 경로: /api/v1
   🔄 주기적 작업: 실행 중

서버가 요청을 대기하고 있습니다...

tb_lots check complete
🔄 엔진 데이터 처리를 시작합니다: 2025-07-03 17:45:21.662190
📊 주차 데이터 파싱 완료: 40개 공간 사용 중
✅ 원시 데이터가 저장되었습니다. (ID: 1213814)
✅ 97개 주차 공간 상태가 업데이트되었습니다.
📊 주차장 현황 요약:
   전체 공간: 97개
   사용 중: 40개
   이용 가능: 57개
   사용률: 41.2%
ℹ️  LPR 데이터 처리는 현재 비활성화되어 있습니다.
✅ 엔진 데이터 처리가 완료되었습니다.
🔄 엔진 데이터 처리를 시작합니다: 2025-07-03 17:45:23.658752
📊 주차 데이터 파싱 완료: 40개 공간 사용 중
✅ 원시 데이터가 저장되었습니다. (ID: 1213817)
✅ 97개 주차 공간 상태가 업데이트되었습니다.
📊 주차장 현황 요약:
   전체 공간: 97개
   사용 중: 40개
   이용 가능: 57개
   사용률: 41.2%
ℹ️  LPR 데이터 처리는 현재 비활성화되어 있습니다.
✅ 엔진 데이터 처리가 완료되었습니다.
🔄 엔진 데이터 처리를 시작합니다: 2025-07-03 17:45:25.657518
📊 주차 데이터 파싱 완료: 40개 공간 사용 중
✅ 원시 데이터가 저장되었습니다. (ID: 1213819)
✅ 97개 주차 공간 상태가 업데이트되었습니다.
📊 주차장 현황 요약:
   전체 공간: 97개
   사용 중: 40개
   이용 가능: 57개
   사용률: 41.2%
ℹ️  LPR 데이터 처리는 현재 비활성화되어 있습니다.
✅ 엔진 데이터 처리가 완료되었습니다.
🔄 엔진 데이터 처리를 시작합니다: 2025-07-03 17:45:27.657849
📊 주차 데이터 파싱 완료: 40개 공간 사용 중
✅ 원시 데이터가 저장되었습니다. (ID: 1213824)
✅ 97개 주차 공간 상태가 업데이트되었습니다.
📊 주차장 현황 요약:
   전체 공간: 97개
   사용 중: 40개
   이용 가능: 57개
   사용률: 41.2%
ℹ️  LPR 데이터 처리는 현재 비활성화되어 있습니다.
✅ 엔진 데이터 처리가 완료되었습니다.
🔄 엔진 데이터 처리를 시작합니다: 2025-07-03 17:45:29.658147
📊 주차 데이터 파싱 완료: 40개 공간 사용 중
✅ 원시 데이터가 저장되었습니다. (ID: 1213825)
✅ 97개 주차 공간 상태가 업데이트되었습니다.
📊 주차장 현황 요약:
   전체 공간: 97개
   사용 중: 40개
   이용 가능: 57개
   사용률: 41.2%
ℹ️  LPR 데이터 처리는 현재 비활성화되어 있습니다.
✅ 엔진 데이터 처리가 완료되었습니다.
🔄 엔진 데이터 처리를 시작합니다: 2025-07-03 17:45:31.659154
2025-07-03T17:45:32.140084  0:00:00.012624 GET     [200] /docs
2025-07-03T17:45:32.162806  0:00:00.003835 GET     [200] /docs-complete
📊 주차 데이터 파싱 완료: 40개 공간 사용 중
✅ 원시 데이터가 저장되었습니다. (ID: 1213830)
✅ 97개 주차 공간 상태가 업데이트되었습니다.
📊 주차장 현황 요약:
   전체 공간: 97개
   사용 중: 40개
   이용 가능: 57개
   사용률: 41.2%
ℹ️  LPR 데이터 처리는 현재 비활성화되어 있습니다.
✅ 엔진 데이터 처리가 완료되었습니다.
🔄 엔진 데이터 처리를 시작합니다: 2025-07-03 17:45:33.657817
📊 주차 데이터 파싱 완료: 40개 공간 사용 중
✅ 원시 데이터가 저장되었습니다. (ID: 1213831)
✅ 97개 주차 공간 상태가 업데이트되었습니다.
📊 주차장 현황 요약:
   전체 공간: 97개
   사용 중: 40개
   이용 가능: 57개
   사용률: 41.2%
ℹ️  LPR 데이터 처리는 현재 비활성화되어 있습니다.
✅ 엔진 데이터 처리가 완료되었습니다.
🔄 엔진 데이터 처리를 시작합니다: 2025-07-03 17:45:35.658849
📊 주차 데이터 파싱 완료: 39개 공간 사용 중
✅ 원시 데이터가 저장되었습니다. (ID: 1213835)
✅ 97개 주차 공간 상태가 업데이트되었습니다.
📊 주차장 현황 요약:
   전체 공간: 97개
   사용 중: 39개
   이용 가능: 58개
   사용률: 40.2%
ℹ️  LPR 데이터 처리는 현재 비활성화되어 있습니다.
✅ 엔진 데이터 처리가 완료되었습니다.
🔄 엔진 데이터 처리를 시작합니다: 2025-07-03 17:45:37.658370
📊 주차 데이터 파싱 완료: 39개 공간 사용 중
✅ 원시 데이터가 저장되었습니다. (ID: 1213837)
✅ 97개 주차 공간 상태가 업데이트되었습니다.
📊 주차장 현황 요약:
   전체 공간: 97개
   사용 중: 39개
   이용 가능: 58개
   사용률: 40.2%
ℹ️  LPR 데이터 처리는 현재 비활성화되어 있습니다.
✅ 엔진 데이터 처리가 완료되었습니다.
🔄 엔진 데이터 처리를 시작합니다: 2025-07-03 17:45:39.658185
📊 주차 데이터 파싱 완료: 40개 공간 사용 중
✅ 원시 데이터가 저장되었습니다. (ID: 1213841)
✅ 97개 주차 공간 상태가 업데이트되었습니다.
📊 주차장 현황 요약:
   전체 공간: 97개
   사용 중: 40개
   이용 가능: 57개
   사용률: 41.2%
ℹ️  LPR 데이터 처리는 현재 비활성화되어 있습니다.
✅ 엔진 데이터 처리가 완료되었습니다.
🔄 엔진 데이터 처리를 시작합니다: 2025-07-03 17:45:41.659126
📊 주차 데이터 파싱 완료: 40개 공간 사용 중
✅ 원시 데이터가 저장되었습니다. (ID: 1213843)
✅ 97개 주차 공간 상태가 업데이트되었습니다.
📊 주차장 현황 요약:
   전체 공간: 97개
   사용 중: 40개
   이용 가능: 57개
   사용률: 41.2%
ℹ️  LPR 데이터 처리는 현재 비활성화되어 있습니다.
✅ 엔진 데이터 처리가 완료되었습니다.
🔄 엔진 데이터 처리를 시작합니다: 2025-07-03 17:45:43.658514
📊 주차 데이터 파싱 완료: 40개 공간 사용 중
✅ 원시 데이터가 저장되었습니다. (ID: 1213847)
✅ 97개 주차 공간 상태가 업데이트되었습니다.
📊 주차장 현황 요약:
   전체 공간: 97개
   사용 중: 40개
   이용 가능: 57개
   사용률: 41.2%
ℹ️  LPR 데이터 처리는 현재 비활성화되어 있습니다.
✅ 엔진 데이터 처리가 완료되었습니다.
🔄 엔진 데이터 처리를 시작합니다: 2025-07-03 17:45:45.656875
📊 주차 데이터 파싱 완료: 40개 공간 사용 중
✅ 원시 데이터가 저장되었습니다. (ID: 1213849)
✅ 97개 주차 공간 상태가 업데이트되었습니다.
📊 주차장 현황 요약:
   전체 공간: 97개
   사용 중: 40개
   이용 가능: 57개
   사용률: 41.2%
ℹ️  LPR 데이터 처리는 현재 비활성화되어 있습니다.
✅ 엔진 데이터 처리가 완료되었습니다.
🔄 엔진 데이터 처리를 시작합니다: 2025-07-03 17:45:47.658378
📊 주차 데이터 파싱 완료: 40개 공간 사용 중
✅ 원시 데이터가 저장되었습니다. (ID: 1213853)
✅ 97개 주차 공간 상태가 업데이트되었습니다.
📊 주차장 현황 요약:
   전체 공간: 97개
   사용 중: 40개
   이용 가능: 57개
   사용률: 41.2%
ℹ️  LPR 데이터 처리는 현재 비활성화되어 있습니다.
✅ 엔진 데이터 처리가 완료되었습니다.
🔄 엔진 데이터 처리를 시작합니다: 2025-07-03 17:45:49.657415
📊 주차 데이터 파싱 완료: 40개 공간 사용 중
✅ 원시 데이터가 저장되었습니다. (ID: 1213855)
✅ 97개 주차 공간 상태가 업데이트되었습니다.
📊 주차장 현황 요약:
   전체 공간: 97개
   사용 중: 40개
   이용 가능: 57개
   사용률: 41.2%
ℹ️  LPR 데이터 처리는 현재 비활성화되어 있습니다.
✅ 엔진 데이터 처리가 완료되었습니다.
🔄 엔진 데이터 처리를 시작합니다: 2025-07-03 17:45:51.659208
📊 주차 데이터 파싱 완료: 40개 공간 사용 중
✅ 원시 데이터가 저장되었습니다. (ID: 1213859)
✅ 97개 주차 공간 상태가 업데이트되었습니다.
📊 주차장 현황 요약:
   전체 공간: 97개
   사용 중: 40개
   이용 가능: 57개
   사용률: 41.2%
ℹ️  LPR 데이터 처리는 현재 비활성화되어 있습니다.
✅ 엔진 데이터 처리가 완료되었습니다.
🔄 엔진 데이터 처리를 시작합니다: 2025-07-03 17:45:53.659039
📊 주차 데이터 파싱 완료: 40개 공간 사용 중
✅ 원시 데이터가 저장되었습니다. (ID: 1213861)
✅ 97개 주차 공간 상태가 업데이트되었습니다.
📊 주차장 현황 요약:
   전체 공간: 97개
   사용 중: 40개
   이용 가능: 57개
   사용률: 41.2%
ℹ️  LPR 데이터 처리는 현재 비활성화되어 있습니다.
✅ 엔진 데이터 처리가 완료되었습니다.
🔄 엔진 데이터 처리를 시작합니다: 2025-07-03 17:45:55.658911
📊 주차 데이터 파싱 완료: 40개 공간 사용 중
✅ 원시 데이터가 저장되었습니다. (ID: 1213866)
✅ 97개 주차 공간 상태가 업데이트되었습니다.
📊 주차장 현황 요약:
   전체 공간: 97개
   사용 중: 40개
   이용 가능: 57개
   사용률: 41.2%
ℹ️  LPR 데이터 처리는 현재 비활성화되어 있습니다.
✅ 엔진 데이터 처리가 완료되었습니다.
🔄 엔진 데이터 처리를 시작합니다: 2025-07-03 17:45:57.658728
📊 주차 데이터 파싱 완료: 40개 공간 사용 중
✅ 원시 데이터가 저장되었습니다. (ID: 1213867)
✅ 97개 주차 공간 상태가 업데이트되었습니다.
📊 주차장 현황 요약:
   전체 공간: 97개
   사용 중: 40개
   이용 가능: 57개
   사용률: 41.2%
ℹ️  LPR 데이터 처리는 현재 비활성화되어 있습니다.
✅ 엔진 데이터 처리가 완료되었습니다.
🔄 엔진 데이터 처리를 시작합니다: 2025-07-03 17:45:59.658440
📊 주차 데이터 파싱 완료: 14개 공간 사용 중
✅ 원시 데이터가 저장되었습니다. (ID: 1213871)
✅ 97개 주차 공간 상태가 업데이트되었습니다.
📊 주차장 현황 요약:
   전체 공간: 97개
   사용 중: 14개
   이용 가능: 83개
   사용률: 14.4%
ℹ️  LPR 데이터 처리는 현재 비활성화되어 있습니다.
✅ 엔진 데이터 처리가 완료되었습니다.
🔄 엔진 데이터 처리를 시작합니다: 2025-07-03 17:46:01.657921
📊 주차 데이터 파싱 완료: 40개 공간 사용 중
✅ 원시 데이터가 저장되었습니다. (ID: 1213873)
✅ 97개 주차 공간 상태가 업데이트되었습니다.
📊 주차장 현황 요약:
   전체 공간: 97개
   사용 중: 40개
   이용 가능: 57개
   사용률: 41.2%
ℹ️  LPR 데이터 처리는 현재 비활성화되어 있습니다.
✅ 엔진 데이터 처리가 완료되었습니다.
🔄 엔진 데이터 처리를 시작합니다: 2025-07-03 17:46:03.658177
📊 주차 데이터 파싱 완료: 39개 공간 사용 중
✅ 원시 데이터가 저장되었습니다. (ID: 1213877)
✅ 97개 주차 공간 상태가 업데이트되었습니다.
📊 주차장 현황 요약:
   전체 공간: 97개
   사용 중: 39개
   이용 가능: 58개
   사용률: 40.2%
ℹ️  LPR 데이터 처리는 현재 비활성화되어 있습니다.
✅ 엔진 데이터 처리가 완료되었습니다.
🔄 엔진 데이터 처리를 시작합니다: 2025-07-03 17:46:05.655820
📊 주차 데이터 파싱 완료: 40개 공간 사용 중
✅ 원시 데이터가 저장되었습니다. (ID: 1213879)
✅ 97개 주차 공간 상태가 업데이트되었습니다.
📊 주차장 현황 요약:
   전체 공간: 97개
   사용 중: 40개
   이용 가능: 57개
   사용률: 41.2%
ℹ️  LPR 데이터 처리는 현재 비활성화되어 있습니다.
✅ 엔진 데이터 처리가 완료되었습니다.
🔄 엔진 데이터 처리를 시작합니다: 2025-07-03 17:46:07.656939
📊 주차 데이터 파싱 완료: 38개 공간 사용 중
✅ 원시 데이터가 저장되었습니다. (ID: 1213883)
✅ 97개 주차 공간 상태가 업데이트되었습니다.
📊 주차장 현황 요약:
   전체 공간: 97개
   사용 중: 38개
   이용 가능: 59개
   사용률: 39.2%
ℹ️  LPR 데이터 처리는 현재 비활성화되어 있습니다.
✅ 엔진 데이터 처리가 완료되었습니다.
🔄 엔진 데이터 처리를 시작합니다: 2025-07-03 17:46:09.656943
📊 주차 데이터 파싱 완료: 38개 공간 사용 중
✅ 원시 데이터가 저장되었습니다. (ID: 1213885)
✅ 97개 주차 공간 상태가 업데이트되었습니다.
📊 주차장 현황 요약:
   전체 공간: 97개
   사용 중: 38개
   이용 가능: 59개
   사용률: 39.2%
ℹ️  LPR 데이터 처리는 현재 비활성화되어 있습니다.
✅ 엔진 데이터 처리가 완료되었습니다.
🔄 엔진 데이터 처리를 시작합니다: 2025-07-03 17:46:11.658331
📊 주차 데이터 파싱 완료: 39개 공간 사용 중
✅ 원시 데이터가 저장되었습니다. (ID: 1213889)
✅ 97개 주차 공간 상태가 업데이트되었습니다.
📊 주차장 현황 요약:
   전체 공간: 97개
   사용 중: 39개
   이용 가능: 58개
   사용률: 40.2%
ℹ️  LPR 데이터 처리는 현재 비활성화되어 있습니다.
✅ 엔진 데이터 처리가 완료되었습니다.
🔄 엔진 데이터 처리를 시작합니다: 2025-07-03 17:46:13.658645
📊 주차 데이터 파싱 완료: 39개 공간 사용 중
✅ 원시 데이터가 저장되었습니다. (ID: 1213891)
✅ 97개 주차 공간 상태가 업데이트되었습니다.
📊 주차장 현황 요약:
   전체 공간: 97개
   사용 중: 39개
   이용 가능: 58개
   사용률: 40.2%
ℹ️  LPR 데이터 처리는 현재 비활성화되어 있습니다.
✅ 엔진 데이터 처리가 완료되었습니다.
🔄 엔진 데이터 처리를 시작합니다: 2025-07-03 17:46:15.658248
📊 주차 데이터 파싱 완료: 39개 공간 사용 중
✅ 원시 데이터가 저장되었습니다. (ID: 1213895)
✅ 97개 주차 공간 상태가 업데이트되었습니다.
📊 주차장 현황 요약:
   전체 공간: 97개
   사용 중: 39개
   이용 가능: 58개
   사용률: 40.2%
ℹ️  LPR 데이터 처리는 현재 비활성화되어 있습니다.
✅ 엔진 데이터 처리가 완료되었습니다.
🔄 엔진 데이터 처리를 시작합니다: 2025-07-03 17:46:17.658947
📊 주차 데이터 파싱 완료: 39개 공간 사용 중
✅ 원시 데이터가 저장되었습니다. (ID: 1213897)
✅ 97개 주차 공간 상태가 업데이트되었습니다.
📊 주차장 현황 요약:
   전체 공간: 97개
   사용 중: 39개
   이용 가능: 58개
   사용률: 40.2%
ℹ️  LPR 데이터 처리는 현재 비활성화되어 있습니다.
✅ 엔진 데이터 처리가 완료되었습니다.
🔄 엔진 데이터 처리를 시작합니다: 2025-07-03 17:46:19.657904
📊 주차 데이터 파싱 완료: 39개 공간 사용 중
✅ 원시 데이터가 저장되었습니다. (ID: 1213901)
✅ 97개 주차 공간 상태가 업데이트되었습니다.
📊 주차장 현황 요약:
   전체 공간: 97개
   사용 중: 39개
   이용 가능: 58개
   사용률: 40.2%
ℹ️  LPR 데이터 처리는 현재 비활성화되어 있습니다.
✅ 엔진 데이터 처리가 완료되었습니다.
🔄 엔진 데이터 처리를 시작합니다: 2025-07-03 17:46:21.658512
📊 주차 데이터 파싱 완료: 40개 공간 사용 중
✅ 원시 데이터가 저장되었습니다. (ID: 1213903)
✅ 97개 주차 공간 상태가 업데이트되었습니다.
📊 주차장 현황 요약:
   전체 공간: 97개
   사용 중: 40개
   이용 가능: 57개
   사용률: 41.2%
ℹ️  LPR 데이터 처리는 현재 비활성화되어 있습니다.
✅ 엔진 데이터 처리가 완료되었습니다.
🔄 엔진 데이터 처리를 시작합니다: 2025-07-03 17:46:23.656973
📊 주차 데이터 파싱 완료: 37개 공간 사용 중
✅ 원시 데이터가 저장되었습니다. (ID: 1213908)
✅ 97개 주차 공간 상태가 업데이트되었습니다.
📊 주차장 현황 요약:
   전체 공간: 97개
   사용 중: 37개
   이용 가능: 60개
   사용률: 38.1%
ℹ️  LPR 데이터 처리는 현재 비활성화되어 있습니다.
✅ 엔진 데이터 처리가 완료되었습니다.
🔄 엔진 데이터 처리를 시작합니다: 2025-07-03 17:46:25.659375
📊 주차 데이터 파싱 완료: 39개 공간 사용 중
✅ 원시 데이터가 저장되었습니다. (ID: 1213910)
✅ 97개 주차 공간 상태가 업데이트되었습니다.
📊 주차장 현황 요약:
   전체 공간: 97개
   사용 중: 39개
   이용 가능: 58개
   사용률: 40.2%
ℹ️  LPR 데이터 처리는 현재 비활성화되어 있습니다.
✅ 엔진 데이터 처리가 완료되었습니다.
🔄 엔진 데이터 처리를 시작합니다: 2025-07-03 17:46:27.659537
📊 주차 데이터 파싱 완료: 39개 공간 사용 중
✅ 원시 데이터가 저장되었습니다. (ID: 1213911)
✅ 97개 주차 공간 상태가 업데이트되었습니다.
📊 주차장 현황 요약:
   전체 공간: 97개
   사용 중: 39개
   이용 가능: 58개
   사용률: 40.2%
ℹ️  LPR 데이터 처리는 현재 비활성화되어 있습니다.
✅ 엔진 데이터 처리가 완료되었습니다.
🔄 엔진 데이터 처리를 시작합니다: 2025-07-03 17:46:31.659410
📊 주차 데이터 파싱 완료: 35개 공간 사용 중
✅ 원시 데이터가 저장되었습니다. (ID: 1213916)
✅ 97개 주차 공간 상태가 업데이트되었습니다.
📊 주차장 현황 요약:
   전체 공간: 97개
   사용 중: 35개
   이용 가능: 62개
   사용률: 36.1%
ℹ️  LPR 데이터 처리는 현재 비활성화되어 있습니다.
✅ 엔진 데이터 처리가 완료되었습니다.
🔄 엔진 데이터 처리를 시작합니다: 2025-07-03 17:46:35.659406
📊 주차 데이터 파싱 완료: 34개 공간 사용 중
✅ 원시 데이터가 저장되었습니다. (ID: 1213920)
✅ 97개 주차 공간 상태가 업데이트되었습니다.
📊 주차장 현황 요약:
   전체 공간: 97개
   사용 중: 34개
   이용 가능: 63개
   사용률: 35.1%
ℹ️  LPR 데이터 처리는 현재 비활성화되어 있습니다.
✅ 엔진 데이터 처리가 완료되었습니다.
🔄 엔진 데이터 처리를 시작합니다: 2025-07-03 17:46:39.659489
📊 주차 데이터 파싱 완료: 35개 공간 사용 중
✅ 원시 데이터가 저장되었습니다. (ID: 1213924)
✅ 97개 주차 공간 상태가 업데이트되었습니다.
📊 주차장 현황 요약:
   전체 공간: 97개
   사용 중: 35개
   이용 가능: 62개
   사용률: 36.1%
ℹ️  LPR 데이터 처리는 현재 비활성화되어 있습니다.
✅ 엔진 데이터 처리가 완료되었습니다.
🔄 엔진 데이터 처리를 시작합니다: 2025-07-03 17:46:43.658119
📊 주차 데이터 파싱 완료: 35개 공간 사용 중
✅ 원시 데이터가 저장되었습니다. (ID: 1213928)
✅ 97개 주차 공간 상태가 업데이트되었습니다.
📊 주차장 현황 요약:
   전체 공간: 97개
   사용 중: 35개
   이용 가능: 62개
   사용률: 36.1%
ℹ️  LPR 데이터 처리는 현재 비활성화되어 있습니다.
✅ 엔진 데이터 처리가 완료되었습니다.
🔄 엔진 데이터 처리를 시작합니다: 2025-07-03 17:46:47.659540
📊 주차 데이터 파싱 완료: 36개 공간 사용 중
✅ 원시 데이터가 저장되었습니다. (ID: 1213930)
✅ 97개 주차 공간 상태가 업데이트되었습니다.
📊 주차장 현황 요약:
   전체 공간: 97개
   사용 중: 36개
   이용 가능: 61개
   사용률: 37.1%
ℹ️  LPR 데이터 처리는 현재 비활성화되어 있습니다.
✅ 엔진 데이터 처리가 완료되었습니다.
🔄 엔진 데이터 처리를 시작합니다: 2025-07-03 17:46:51.659937
📊 주차 데이터 파싱 완료: 35개 공간 사용 중
✅ 원시 데이터가 저장되었습니다. (ID: 1213935)
✅ 97개 주차 공간 상태가 업데이트되었습니다.
📊 주차장 현황 요약:
   전체 공간: 97개
   사용 중: 35개
   이용 가능: 62개
   사용률: 36.1%
ℹ️  LPR 데이터 처리는 현재 비활성화되어 있습니다.
✅ 엔진 데이터 처리가 완료되었습니다.
🔄 엔진 데이터 처리를 시작합니다: 2025-07-03 17:46:55.656817
📊 주차 데이터 파싱 완료: 34개 공간 사용 중
✅ 원시 데이터가 저장되었습니다. (ID: 1213939)
✅ 97개 주차 공간 상태가 업데이트되었습니다.
📊 주차장 현황 요약:
   전체 공간: 97개
   사용 중: 34개
   이용 가능: 63개
   사용률: 35.1%
ℹ️  LPR 데이터 처리는 현재 비활성화되어 있습니다.
✅ 엔진 데이터 처리가 완료되었습니다.
🔄 엔진 데이터 처리를 시작합니다: 2025-07-03 17:46:59.658870
📊 주차 데이터 파싱 완료: 39개 공간 사용 중
✅ 원시 데이터가 저장되었습니다. (ID: 1213943)
✅ 97개 주차 공간 상태가 업데이트되었습니다.
📊 주차장 현황 요약:
   전체 공간: 97개
   사용 중: 39개
   이용 가능: 58개
   사용률: 40.2%
ℹ️  LPR 데이터 처리는 현재 비활성화되어 있습니다.
✅ 엔진 데이터 처리가 완료되었습니다.
🔄 엔진 데이터 처리를 시작합니다: 2025-07-03 17:47:03.659462
📊 주차 데이터 파싱 완료: 38개 공간 사용 중
✅ 원시 데이터가 저장되었습니다. (ID: 1213947)
✅ 97개 주차 공간 상태가 업데이트되었습니다.
📊 주차장 현황 요약:
   전체 공간: 97개
   사용 중: 38개
   이용 가능: 59개
   사용률: 39.2%
ℹ️  LPR 데이터 처리는 현재 비활성화되어 있습니다.
✅ 엔진 데이터 처리가 완료되었습니다.
🔄 엔진 데이터 처리를 시작합니다: 2025-07-03 17:47:07.657737
📊 주차 데이터 파싱 완료: 41개 공간 사용 중
✅ 원시 데이터가 저장되었습니다. (ID: 1213949)
✅ 97개 주차 공간 상태가 업데이트되었습니다.
📊 주차장 현황 요약:
   전체 공간: 97개
   사용 중: 41개
   이용 가능: 56개
   사용률: 42.3%
ℹ️  LPR 데이터 처리는 현재 비활성화되어 있습니다.
✅ 엔진 데이터 처리가 완료되었습니다.
🔄 엔진 데이터 처리를 시작합니다: 2025-07-03 17:47:11.656909
📊 주차 데이터 파싱 완료: 40개 공간 사용 중
✅ 원시 데이터가 저장되었습니다. (ID: 1213954)
✅ 97개 주차 공간 상태가 업데이트되었습니다.
📊 주차장 현황 요약:
   전체 공간: 97개
   사용 중: 40개
   이용 가능: 57개
   사용률: 41.2%
ℹ️  LPR 데이터 처리는 현재 비활성화되어 있습니다.
✅ 엔진 데이터 처리가 완료되었습니다.
🔄 엔진 데이터 처리를 시작합니다: 2025-07-03 17:47:15.658266
📊 주차 데이터 파싱 완료: 40개 공간 사용 중
✅ 원시 데이터가 저장되었습니다. (ID: 1213958)
✅ 97개 주차 공간 상태가 업데이트되었습니다.
📊 주차장 현황 요약:
   전체 공간: 97개
   사용 중: 40개
   이용 가능: 57개
   사용률: 41.2%
ℹ️  LPR 데이터 처리는 현재 비활성화되어 있습니다.
✅ 엔진 데이터 처리가 완료되었습니다.
🔄 엔진 데이터 처리를 시작합니다: 2025-07-03 17:47:19.659520
📊 주차 데이터 파싱 완료: 39개 공간 사용 중
✅ 원시 데이터가 저장되었습니다. (ID: 1213962)
✅ 97개 주차 공간 상태가 업데이트되었습니다.
📊 주차장 현황 요약:
   전체 공간: 97개
   사용 중: 39개
   이용 가능: 58개
   사용률: 40.2%
ℹ️  LPR 데이터 처리는 현재 비활성화되어 있습니다.
✅ 엔진 데이터 처리가 완료되었습니다.
🔄 엔진 데이터 처리를 시작합니다: 2025-07-03 17:47:23.657859
📊 주차 데이터 파싱 완료: 40개 공간 사용 중
✅ 원시 데이터가 저장되었습니다. (ID: 1213966)
✅ 97개 주차 공간 상태가 업데이트되었습니다.
📊 주차장 현황 요약:
   전체 공간: 97개
   사용 중: 40개
   이용 가능: 57개
   사용률: 41.2%
ℹ️  LPR 데이터 처리는 현재 비활성화되어 있습니다.
✅ 엔진 데이터 처리가 완료되었습니다.
🔄 엔진 데이터 처리를 시작합니다: 2025-07-03 17:47:27.658842
📊 주차 데이터 파싱 완료: 39개 공간 사용 중
✅ 원시 데이터가 저장되었습니다. (ID: 1213970)
✅ 97개 주차 공간 상태가 업데이트되었습니다.
📊 주차장 현황 요약:
   전체 공간: 97개
   사용 중: 39개
   이용 가능: 58개
   사용률: 40.2%
ℹ️  LPR 데이터 처리는 현재 비활성화되어 있습니다.
✅ 엔진 데이터 처리가 완료되었습니다.
🔄 엔진 데이터 처리를 시작합니다: 2025-07-03 17:47:31.659658
📊 주차 데이터 파싱 완료: 39개 공간 사용 중
✅ 원시 데이터가 저장되었습니다. (ID: 1213974)
✅ 97개 주차 공간 상태가 업데이트되었습니다.
📊 주차장 현황 요약:
   전체 공간: 97개
   사용 중: 39개
   이용 가능: 58개
   사용률: 40.2%
ℹ️  LPR 데이터 처리는 현재 비활성화되어 있습니다.
✅ 엔진 데이터 처리가 완료되었습니다.
🔄 엔진 데이터 처리를 시작합니다: 2025-07-03 17:47:35.659931
📊 주차 데이터 파싱 완료: 39개 공간 사용 중
✅ 원시 데이터가 저장되었습니다. (ID: 1213978)
✅ 97개 주차 공간 상태가 업데이트되었습니다.
📊 주차장 현황 요약:
   전체 공간: 97개
   사용 중: 39개
   이용 가능: 58개
   사용률: 40.2%
ℹ️  LPR 데이터 처리는 현재 비활성화되어 있습니다.
✅ 엔진 데이터 처리가 완료되었습니다.
🔄 엔진 데이터 처리를 시작합니다: 2025-07-03 17:47:39.659014
📊 주차 데이터 파싱 완료: 39개 공간 사용 중
✅ 원시 데이터가 저장되었습니다. (ID: 1213982)
✅ 97개 주차 공간 상태가 업데이트되었습니다.
📊 주차장 현황 요약:
   전체 공간: 97개
   사용 중: 39개
   이용 가능: 58개
   사용률: 40.2%
ℹ️  LPR 데이터 처리는 현재 비활성화되어 있습니다.
✅ 엔진 데이터 처리가 완료되었습니다.
🔄 엔진 데이터 처리를 시작합니다: 2025-07-03 17:47:43.659617
📊 주차 데이터 파싱 완료: 40개 공간 사용 중
✅ 원시 데이터가 저장되었습니다. (ID: 1213986)
✅ 97개 주차 공간 상태가 업데이트되었습니다.
📊 주차장 현황 요약:
   전체 공간: 97개
   사용 중: 40개
   이용 가능: 57개
   사용률: 41.2%
ℹ️  LPR 데이터 처리는 현재 비활성화되어 있습니다.
✅ 엔진 데이터 처리가 완료되었습니다.
🔄 엔진 데이터 처리를 시작합니다: 2025-07-03 17:47:47.660198
📊 주차 데이터 파싱 완료: 40개 공간 사용 중
✅ 원시 데이터가 저장되었습니다. (ID: 1213990)
✅ 97개 주차 공간 상태가 업데이트되었습니다.
📊 주차장 현황 요약:
   전체 공간: 97개
   사용 중: 40개
   이용 가능: 57개
   사용률: 41.2%
ℹ️  LPR 데이터 처리는 현재 비활성화되어 있습니다.
✅ 엔진 데이터 처리가 완료되었습니다.
🔄 엔진 데이터 처리를 시작합니다: 2025-07-03 17:47:51.659953
📊 주차 데이터 파싱 완료: 39개 공간 사용 중
✅ 원시 데이터가 저장되었습니다. (ID: 1213994)
✅ 97개 주차 공간 상태가 업데이트되었습니다.
📊 주차장 현황 요약:
   전체 공간: 97개
   사용 중: 39개
   이용 가능: 58개
   사용률: 40.2%
ℹ️  LPR 데이터 처리는 현재 비활성화되어 있습니다.
✅ 엔진 데이터 처리가 완료되었습니다.
🔄 엔진 데이터 처리를 시작합니다: 2025-07-03 17:47:55.659917
📊 주차 데이터 파싱 완료: 39개 공간 사용 중
✅ 원시 데이터가 저장되었습니다. (ID: 1213998)
✅ 97개 주차 공간 상태가 업데이트되었습니다.
📊 주차장 현황 요약:
   전체 공간: 97개
   사용 중: 39개
   이용 가능: 58개
   사용률: 40.2%
ℹ️  LPR 데이터 처리는 현재 비활성화되어 있습니다.
✅ 엔진 데이터 처리가 완료되었습니다.
🔄 엔진 데이터 처리를 시작합니다: 2025-07-03 17:47:59.659814
📊 주차 데이터 파싱 완료: 39개 공간 사용 중
✅ 원시 데이터가 저장되었습니다. (ID: 1214002)
✅ 97개 주차 공간 상태가 업데이트되었습니다.
📊 주차장 현황 요약:
   전체 공간: 97개
   사용 중: 39개
   이용 가능: 58개
   사용률: 40.2%
ℹ️  LPR 데이터 처리는 현재 비활성화되어 있습니다.
✅ 엔진 데이터 처리가 완료되었습니다.
🔄 엔진 데이터 처리를 시작합니다: 2025-07-03 17:48:03.657745
📊 주차 데이터 파싱 완료: 40개 공간 사용 중
✅ 원시 데이터가 저장되었습니다. (ID: 1214006)
✅ 97개 주차 공간 상태가 업데이트되었습니다.
📊 주차장 현황 요약:
   전체 공간: 97개
   사용 중: 40개
   이용 가능: 57개
   사용률: 41.2%
ℹ️  LPR 데이터 처리는 현재 비활성화되어 있습니다.
✅ 엔진 데이터 처리가 완료되었습니다.
🔄 엔진 데이터 처리를 시작합니다: 2025-07-03 17:48:05.657970
📊 주차 데이터 파싱 완료: 40개 공간 사용 중
✅ 원시 데이터가 저장되었습니다. (ID: 1214007)
✅ 97개 주차 공간 상태가 업데이트되었습니다.
📊 주차장 현황 요약:
   전체 공간: 97개
   사용 중: 40개
   이용 가능: 57개
   사용률: 41.2%
ℹ️  LPR 데이터 처리는 현재 비활성화되어 있습니다.
✅ 엔진 데이터 처리가 완료되었습니다.
🔄 엔진 데이터 처리를 시작합니다: 2025-07-03 17:48:07.658991
📊 주차 데이터 파싱 완료: 40개 공간 사용 중
✅ 원시 데이터가 저장되었습니다. (ID: 1214011)
✅ 97개 주차 공간 상태가 업데이트되었습니다.
📊 주차장 현황 요약:
   전체 공간: 97개
   사용 중: 40개
   이용 가능: 57개
   사용률: 41.2%
ℹ️  LPR 데이터 처리는 현재 비활성화되어 있습니다.
✅ 엔진 데이터 처리가 완료되었습니다.
🔄 엔진 데이터 처리를 시작합니다: 2025-07-03 17:48:09.659226
📊 주차 데이터 파싱 완료: 40개 공간 사용 중
✅ 원시 데이터가 저장되었습니다. (ID: 1214013)
✅ 97개 주차 공간 상태가 업데이트되었습니다.
📊 주차장 현황 요약:
   전체 공간: 97개
   사용 중: 40개
   이용 가능: 57개
   사용률: 41.2%
ℹ️  LPR 데이터 처리는 현재 비활성화되어 있습니다.
✅ 엔진 데이터 처리가 완료되었습니다.
🔄 엔진 데이터 처리를 시작합니다: 2025-07-03 17:48:11.659546
📊 주차 데이터 파싱 완료: 40개 공간 사용 중
✅ 원시 데이터가 저장되었습니다. (ID: 1214017)
✅ 97개 주차 공간 상태가 업데이트되었습니다.
📊 주차장 현황 요약:
   전체 공간: 97개
   사용 중: 40개
   이용 가능: 57개
   사용률: 41.2%
ℹ️  LPR 데이터 처리는 현재 비활성화되어 있습니다.
✅ 엔진 데이터 처리가 완료되었습니다.
🔄 엔진 데이터 처리를 시작합니다: 2025-07-03 17:48:13.659803
📊 주차 데이터 파싱 완료: 40개 공간 사용 중
✅ 원시 데이터가 저장되었습니다. (ID: 1214019)
✅ 97개 주차 공간 상태가 업데이트되었습니다.
📊 주차장 현황 요약:
   전체 공간: 97개
   사용 중: 40개
   이용 가능: 57개
   사용률: 41.2%
ℹ️  LPR 데이터 처리는 현재 비활성화되어 있습니다.
✅ 엔진 데이터 처리가 완료되었습니다.
🔄 엔진 데이터 처리를 시작합니다: 2025-07-03 17:48:15.658539
📊 주차 데이터 파싱 완료: 39개 공간 사용 중
✅ 원시 데이터가 저장되었습니다. (ID: 1214024)
✅ 97개 주차 공간 상태가 업데이트되었습니다.
📊 주차장 현황 요약:
   전체 공간: 97개
   사용 중: 39개
   이용 가능: 58개
   사용률: 40.2%
ℹ️  LPR 데이터 처리는 현재 비활성화되어 있습니다.
✅ 엔진 데이터 처리가 완료되었습니다.
🔄 엔진 데이터 처리를 시작합니다: 2025-07-03 17:48:17.660042
📊 주차 데이터 파싱 완료: 40개 공간 사용 중
✅ 원시 데이터가 저장되었습니다. (ID: 1214025)
✅ 97개 주차 공간 상태가 업데이트되었습니다.
📊 주차장 현황 요약:
   전체 공간: 97개
   사용 중: 40개
   이용 가능: 57개
   사용률: 41.2%
ℹ️  LPR 데이터 처리는 현재 비활성화되어 있습니다.
✅ 엔진 데이터 처리가 완료되었습니다.
🔄 엔진 데이터 처리를 시작합니다: 2025-07-03 17:48:19.659554
📊 주차 데이터 파싱 완료: 39개 공간 사용 중
✅ 원시 데이터가 저장되었습니다. (ID: 1214029)
✅ 97개 주차 공간 상태가 업데이트되었습니다.
📊 주차장 현황 요약:
   전체 공간: 97개
   사용 중: 39개
   이용 가능: 58개
   사용률: 40.2%
ℹ️  LPR 데이터 처리는 현재 비활성화되어 있습니다.
✅ 엔진 데이터 처리가 완료되었습니다.
🔄 엔진 데이터 처리를 시작합니다: 2025-07-03 17:48:21.658387
📊 주차 데이터 파싱 완료: 39개 공간 사용 중
✅ 원시 데이터가 저장되었습니다. (ID: 1214031)
✅ 97개 주차 공간 상태가 업데이트되었습니다.
📊 주차장 현황 요약:
   전체 공간: 97개
   사용 중: 39개
   이용 가능: 58개
   사용률: 40.2%
ℹ️  LPR 데이터 처리는 현재 비활성화되어 있습니다.
✅ 엔진 데이터 처리가 완료되었습니다.
🔄 엔진 데이터 처리를 시작합니다: 2025-07-03 17:48:23.660799
📊 주차 데이터 파싱 완료: 39개 공간 사용 중
✅ 원시 데이터가 저장되었습니다. (ID: 1214036)
✅ 97개 주차 공간 상태가 업데이트되었습니다.
📊 주차장 현황 요약:
   전체 공간: 97개
   사용 중: 39개
   이용 가능: 58개
   사용률: 40.2%
ℹ️  LPR 데이터 처리는 현재 비활성화되어 있습니다.
✅ 엔진 데이터 처리가 완료되었습니다.
🔄 엔진 데이터 처리를 시작합니다: 2025-07-03 17:48:25.660139
📊 주차 데이터 파싱 완료: 40개 공간 사용 중
✅ 원시 데이터가 저장되었습니다. (ID: 1214037)
✅ 97개 주차 공간 상태가 업데이트되었습니다.
📊 주차장 현황 요약:
   전체 공간: 97개
   사용 중: 40개
   이용 가능: 57개
   사용률: 41.2%
ℹ️  LPR 데이터 처리는 현재 비활성화되어 있습니다.
✅ 엔진 데이터 처리가 완료되었습니다.
🔄 엔진 데이터 처리를 시작합니다: 2025-07-03 17:48:27.660186
📊 주차 데이터 파싱 완료: 14개 공간 사용 중
✅ 원시 데이터가 저장되었습니다. (ID: 1214041)
✅ 97개 주차 공간 상태가 업데이트되었습니다.
📊 주차장 현황 요약:
   전체 공간: 97개
   사용 중: 14개
   이용 가능: 83개
   사용률: 14.4%
ℹ️  LPR 데이터 처리는 현재 비활성화되어 있습니다.
✅ 엔진 데이터 처리가 완료되었습니다.
🔄 엔진 데이터 처리를 시작합니다: 2025-07-03 17:48:29.595857
📊 주차 데이터 파싱 완료: 39개 공간 사용 중
✅ 원시 데이터가 저장되었습니다. (ID: 1214043)
✅ 97개 주차 공간 상태가 업데이트되었습니다.
📊 주차장 현황 요약:
   전체 공간: 97개
   사용 중: 39개
   이용 가능: 58개
   사용률: 40.2%
ℹ️  LPR 데이터 처리는 현재 비활성화되어 있습니다.
✅ 엔진 데이터 처리가 완료되었습니다.
🔄 엔진 데이터 처리를 시작합니다: 2025-07-03 17:48:31.597315
📊 주차 데이터 파싱 완료: 39개 공간 사용 중
✅ 원시 데이터가 저장되었습니다. (ID: 1214047)
✅ 97개 주차 공간 상태가 업데이트되었습니다.
📊 주차장 현황 요약:
   전체 공간: 97개
   사용 중: 39개
   이용 가능: 58개
   사용률: 40.2%
ℹ️  LPR 데이터 처리는 현재 비활성화되어 있습니다.
✅ 엔진 데이터 처리가 완료되었습니다.
🔄 엔진 데이터 처리를 시작합니다: 2025-07-03 17:48:33.596834
📊 주차 데이터 파싱 완료: 39개 공간 사용 중
✅ 원시 데이터가 저장되었습니다. (ID: 1214049)
✅ 97개 주차 공간 상태가 업데이트되었습니다.
📊 주차장 현황 요약:
   전체 공간: 97개
   사용 중: 39개
   이용 가능: 58개
   사용률: 40.2%
ℹ️  LPR 데이터 처리는 현재 비활성화되어 있습니다.
✅ 엔진 데이터 처리가 완료되었습니다.
🔄 엔진 데이터 처리를 시작합니다: 2025-07-03 17:48:35.597171
📊 주차 데이터 파싱 완료: 40개 공간 사용 중
✅ 원시 데이터가 저장되었습니다. (ID: 1214053)
✅ 97개 주차 공간 상태가 업데이트되었습니다.
📊 주차장 현황 요약:
   전체 공간: 97개
   사용 중: 40개
   이용 가능: 57개
   사용률: 41.2%
ℹ️  LPR 데이터 처리는 현재 비활성화되어 있습니다.
✅ 엔진 데이터 처리가 완료되었습니다.
🔄 엔진 데이터 처리를 시작합니다: 2025-07-03 17:48:37.595476
📊 주차 데이터 파싱 완료: 38개 공간 사용 중
✅ 원시 데이터가 저장되었습니다. (ID: 1214055)
✅ 97개 주차 공간 상태가 업데이트되었습니다.
📊 주차장 현황 요약:
   전체 공간: 97개
   사용 중: 38개
   이용 가능: 59개
   사용률: 39.2%
ℹ️  LPR 데이터 처리는 현재 비활성화되어 있습니다.
✅ 엔진 데이터 처리가 완료되었습니다.
🔄 엔진 데이터 처리를 시작합니다: 2025-07-03 17:48:39.595250
📊 주차 데이터 파싱 완료: 39개 공간 사용 중
✅ 원시 데이터가 저장되었습니다. (ID: 1214059)
✅ 97개 주차 공간 상태가 업데이트되었습니다.
📊 주차장 현황 요약:
   전체 공간: 97개
   사용 중: 39개
   이용 가능: 58개
   사용률: 40.2%
ℹ️  LPR 데이터 처리는 현재 비활성화되어 있습니다.
✅ 엔진 데이터 처리가 완료되었습니다.
🔄 엔진 데이터 처리를 시작합니다: 2025-07-03 17:48:41.595291
📊 주차 데이터 파싱 완료: 39개 공간 사용 중
✅ 원시 데이터가 저장되었습니다. (ID: 1214061)
✅ 97개 주차 공간 상태가 업데이트되었습니다.
📊 주차장 현황 요약:
   전체 공간: 97개
   사용 중: 39개
   이용 가능: 58개
   사용률: 40.2%
ℹ️  LPR 데이터 처리는 현재 비활성화되어 있습니다.
✅ 엔진 데이터 처리가 완료되었습니다.
🔄 엔진 데이터 처리를 시작합니다: 2025-07-03 17:48:43.596569
📊 주차 데이터 파싱 완료: 39개 공간 사용 중
✅ 원시 데이터가 저장되었습니다. (ID: 1214065)
✅ 97개 주차 공간 상태가 업데이트되었습니다.
📊 주차장 현황 요약:
   전체 공간: 97개
   사용 중: 39개
   이용 가능: 58개
   사용률: 40.2%
ℹ️  LPR 데이터 처리는 현재 비활성화되어 있습니다.
✅ 엔진 데이터 처리가 완료되었습니다.
🔄 엔진 데이터 처리를 시작합니다: 2025-07-03 17:48:45.596182
📊 주차 데이터 파싱 완료: 39개 공간 사용 중
✅ 원시 데이터가 저장되었습니다. (ID: 1214066)
✅ 97개 주차 공간 상태가 업데이트되었습니다.
📊 주차장 현황 요약:
   전체 공간: 97개
   사용 중: 39개
   이용 가능: 58개
   사용률: 40.2%
ℹ️  LPR 데이터 처리는 현재 비활성화되어 있습니다.
✅ 엔진 데이터 처리가 완료되었습니다.
🔄 엔진 데이터 처리를 시작합니다: 2025-07-03 17:48:47.595066
📊 주차 데이터 파싱 완료: 40개 공간 사용 중
✅ 원시 데이터가 저장되었습니다. (ID: 1214070)
✅ 97개 주차 공간 상태가 업데이트되었습니다.
📊 주차장 현황 요약:
   전체 공간: 97개
   사용 중: 40개
   이용 가능: 57개
   사용률: 41.2%
ℹ️  LPR 데이터 처리는 현재 비활성화되어 있습니다.
✅ 엔진 데이터 처리가 완료되었습니다.
🔄 엔진 데이터 처리를 시작합니다: 2025-07-03 17:48:49.596611
📊 주차 데이터 파싱 완료: 39개 공간 사용 중
✅ 원시 데이터가 저장되었습니다. (ID: 1214072)
✅ 97개 주차 공간 상태가 업데이트되었습니다.
📊 주차장 현황 요약:
   전체 공간: 97개
   사용 중: 39개
   이용 가능: 58개
   사용률: 40.2%
ℹ️  LPR 데이터 처리는 현재 비활성화되어 있습니다.
✅ 엔진 데이터 처리가 완료되었습니다.
🔄 엔진 데이터 처리를 시작합니다: 2025-07-03 17:48:51.595994
📊 주차 데이터 파싱 완료: 40개 공간 사용 중
✅ 원시 데이터가 저장되었습니다. (ID: 1214076)
✅ 97개 주차 공간 상태가 업데이트되었습니다.
📊 주차장 현황 요약:
   전체 공간: 97개
   사용 중: 40개
   이용 가능: 57개
   사용률: 41.2%
ℹ️  LPR 데이터 처리는 현재 비활성화되어 있습니다.
✅ 엔진 데이터 처리가 완료되었습니다.
🔄 엔진 데이터 처리를 시작합니다: 2025-07-03 17:48:53.596191
📊 주차 데이터 파싱 완료: 40개 공간 사용 중
✅ 원시 데이터가 저장되었습니다. (ID: 1214078)
✅ 97개 주차 공간 상태가 업데이트되었습니다.
📊 주차장 현황 요약:
   전체 공간: 97개
   사용 중: 40개
   이용 가능: 57개
   사용률: 41.2%
ℹ️  LPR 데이터 처리는 현재 비활성화되어 있습니다.
✅ 엔진 데이터 처리가 완료되었습니다.
🔄 엔진 데이터 처리를 시작합니다: 2025-07-03 17:48:55.595600
📊 주차 데이터 파싱 완료: 38개 공간 사용 중
✅ 원시 데이터가 저장되었습니다. (ID: 1214083)
✅ 97개 주차 공간 상태가 업데이트되었습니다.
📊 주차장 현황 요약:
   전체 공간: 97개
   사용 중: 38개
   이용 가능: 59개
   사용률: 39.2%
ℹ️  LPR 데이터 처리는 현재 비활성화되어 있습니다.
✅ 엔진 데이터 처리가 완료되었습니다.
🔄 엔진 데이터 처리를 시작합니다: 2025-07-03 17:48:57.595646
📊 주차 데이터 파싱 완료: 38개 공간 사용 중
✅ 원시 데이터가 저장되었습니다. (ID: 1214084)
✅ 97개 주차 공간 상태가 업데이트되었습니다.
📊 주차장 현황 요약:
   전체 공간: 97개
   사용 중: 38개
   이용 가능: 59개
   사용률: 39.2%
ℹ️  LPR 데이터 처리는 현재 비활성화되어 있습니다.
✅ 엔진 데이터 처리가 완료되었습니다.
🔄 엔진 데이터 처리를 시작합니다: 2025-07-03 17:48:59.596382
📊 주차 데이터 파싱 완료: 40개 공간 사용 중
✅ 원시 데이터가 저장되었습니다. (ID: 1214088)
✅ 97개 주차 공간 상태가 업데이트되었습니다.
📊 주차장 현황 요약:
   전체 공간: 97개
   사용 중: 40개
   이용 가능: 57개
   사용률: 41.2%
ℹ️  LPR 데이터 처리는 현재 비활성화되어 있습니다.
✅ 엔진 데이터 처리가 완료되었습니다.
🔄 엔진 데이터 처리를 시작합니다: 2025-07-03 17:49:01.595721
📊 주차 데이터 파싱 완료: 39개 공간 사용 중
✅ 원시 데이터가 저장되었습니다. (ID: 1214089)
✅ 97개 주차 공간 상태가 업데이트되었습니다.
📊 주차장 현황 요약:
   전체 공간: 97개
   사용 중: 39개
   이용 가능: 58개
   사용률: 40.2%
ℹ️  LPR 데이터 처리는 현재 비활성화되어 있습니다.
✅ 엔진 데이터 처리가 완료되었습니다.
🔄 엔진 데이터 처리를 시작합니다: 2025-07-03 17:49:03.595021
📊 주차 데이터 파싱 완료: 39개 공간 사용 중
✅ 원시 데이터가 저장되었습니다. (ID: 1214093)
✅ 97개 주차 공간 상태가 업데이트되었습니다.
📊 주차장 현황 요약:
   전체 공간: 97개
   사용 중: 39개
   이용 가능: 58개
   사용률: 40.2%
ℹ️  LPR 데이터 처리는 현재 비활성화되어 있습니다.
✅ 엔진 데이터 처리가 완료되었습니다.
🔄 엔진 데이터 처리를 시작합니다: 2025-07-03 17:49:05.595248
📊 주차 데이터 파싱 완료: 39개 공간 사용 중
✅ 원시 데이터가 저장되었습니다. (ID: 1214095)
✅ 97개 주차 공간 상태가 업데이트되었습니다.
📊 주차장 현황 요약:
   전체 공간: 97개
   사용 중: 39개
   이용 가능: 58개
   사용률: 40.2%
ℹ️  LPR 데이터 처리는 현재 비활성화되어 있습니다.
✅ 엔진 데이터 처리가 완료되었습니다.
🔄 엔진 데이터 처리를 시작합니다: 2025-07-03 17:49:07.596205
📊 주차 데이터 파싱 완료: 41개 공간 사용 중
✅ 원시 데이터가 저장되었습니다. (ID: 1214099)
✅ 97개 주차 공간 상태가 업데이트되었습니다.
📊 주차장 현황 요약:
   전체 공간: 97개
   사용 중: 41개
   이용 가능: 56개
   사용률: 42.3%
ℹ️  LPR 데이터 처리는 현재 비활성화되어 있습니다.
✅ 엔진 데이터 처리가 완료되었습니다.
🔄 엔진 데이터 처리를 시작합니다: 2025-07-03 17:49:09.596801
📊 주차 데이터 파싱 완료: 40개 공간 사용 중
✅ 원시 데이터가 저장되었습니다. (ID: 1214101)
✅ 97개 주차 공간 상태가 업데이트되었습니다.
📊 주차장 현황 요약:
   전체 공간: 97개
   사용 중: 40개
   이용 가능: 57개
   사용률: 41.2%
ℹ️  LPR 데이터 처리는 현재 비활성화되어 있습니다.
✅ 엔진 데이터 처리가 완료되었습니다.
🔄 엔진 데이터 처리를 시작합니다: 2025-07-03 17:49:11.595867
📊 주차 데이터 파싱 완료: 39개 공간 사용 중
✅ 원시 데이터가 저장되었습니다. (ID: 1214105)
✅ 97개 주차 공간 상태가 업데이트되었습니다.
📊 주차장 현황 요약:
   전체 공간: 97개
   사용 중: 39개
   이용 가능: 58개
   사용률: 40.2%
ℹ️  LPR 데이터 처리는 현재 비활성화되어 있습니다.
✅ 엔진 데이터 처리가 완료되었습니다.
🔄 엔진 데이터 처리를 시작합니다: 2025-07-03 17:49:13.596413
📊 주차 데이터 파싱 완료: 39개 공간 사용 중
✅ 원시 데이터가 저장되었습니다. (ID: 1214107)
✅ 97개 주차 공간 상태가 업데이트되었습니다.
📊 주차장 현황 요약:
   전체 공간: 97개
   사용 중: 39개
   이용 가능: 58개
   사용률: 40.2%
ℹ️  LPR 데이터 처리는 현재 비활성화되어 있습니다.
✅ 엔진 데이터 처리가 완료되었습니다.
🔄 엔진 데이터 처리를 시작합니다: 2025-07-03 17:49:15.596113
📊 주차 데이터 파싱 완료: 40개 공간 사용 중
✅ 원시 데이터가 저장되었습니다. (ID: 1214112)
✅ 97개 주차 공간 상태가 업데이트되었습니다.
📊 주차장 현황 요약:
   전체 공간: 97개
   사용 중: 40개
   이용 가능: 57개
   사용률: 41.2%
ℹ️  LPR 데이터 처리는 현재 비활성화되어 있습니다.
✅ 엔진 데이터 처리가 완료되었습니다.
🔄 엔진 데이터 처리를 시작합니다: 2025-07-03 17:49:17.596321
📊 주차 데이터 파싱 완료: 41개 공간 사용 중
✅ 원시 데이터가 저장되었습니다. (ID: 1214113)
✅ 97개 주차 공간 상태가 업데이트되었습니다.
📊 주차장 현황 요약:
   전체 공간: 97개
   사용 중: 41개
   이용 가능: 56개
   사용률: 42.3%
ℹ️  LPR 데이터 처리는 현재 비활성화되어 있습니다.
✅ 엔진 데이터 처리가 완료되었습니다.
🔄 엔진 데이터 처리를 시작합니다: 2025-07-03 17:49:19.595732
📊 주차 데이터 파싱 완료: 41개 공간 사용 중
✅ 원시 데이터가 저장되었습니다. (ID: 1214117)
✅ 97개 주차 공간 상태가 업데이트되었습니다.
📊 주차장 현황 요약:
   전체 공간: 97개
   사용 중: 41개
   이용 가능: 56개
   사용률: 42.3%
ℹ️  LPR 데이터 처리는 현재 비활성화되어 있습니다.
✅ 엔진 데이터 처리가 완료되었습니다.
🔄 엔진 데이터 처리를 시작합니다: 2025-07-03 17:49:21.594399
📊 주차 데이터 파싱 완료: 40개 공간 사용 중
✅ 원시 데이터가 저장되었습니다. (ID: 1214119)
✅ 97개 주차 공간 상태가 업데이트되었습니다.
📊 주차장 현황 요약:
   전체 공간: 97개
   사용 중: 40개
   이용 가능: 57개
   사용률: 41.2%
ℹ️  LPR 데이터 처리는 현재 비활성화되어 있습니다.
✅ 엔진 데이터 처리가 완료되었습니다.
🔄 엔진 데이터 처리를 시작합니다: 2025-07-03 17:49:23.595529
📊 주차 데이터 파싱 완료: 39개 공간 사용 중
✅ 원시 데이터가 저장되었습니다. (ID: 1214123)
✅ 97개 주차 공간 상태가 업데이트되었습니다.
📊 주차장 현황 요약:
   전체 공간: 97개
   사용 중: 39개
   이용 가능: 58개
   사용률: 40.2%
ℹ️  LPR 데이터 처리는 현재 비활성화되어 있습니다.
✅ 엔진 데이터 처리가 완료되었습니다.
🔄 엔진 데이터 처리를 시작합니다: 2025-07-03 17:49:25.596215
📊 주차 데이터 파싱 완료: 40개 공간 사용 중
✅ 원시 데이터가 저장되었습니다. (ID: 1214125)
✅ 97개 주차 공간 상태가 업데이트되었습니다.
📊 주차장 현황 요약:
   전체 공간: 97개
   사용 중: 40개
   이용 가능: 57개
   사용률: 41.2%
ℹ️  LPR 데이터 처리는 현재 비활성화되어 있습니다.
✅ 엔진 데이터 처리가 완료되었습니다.
🔄 엔진 데이터 처리를 시작합니다: 2025-07-03 17:49:27.596728
📊 주차 데이터 파싱 완료: 41개 공간 사용 중
✅ 원시 데이터가 저장되었습니다. (ID: 1214129)
✅ 97개 주차 공간 상태가 업데이트되었습니다.
📊 주차장 현황 요약:
   전체 공간: 97개
   사용 중: 41개
   이용 가능: 56개
   사용률: 42.3%
ℹ️  LPR 데이터 처리는 현재 비활성화되어 있습니다.
✅ 엔진 데이터 처리가 완료되었습니다.
🔄 엔진 데이터 처리를 시작합니다: 2025-07-03 17:49:29.595461
📊 주차 데이터 파싱 완료: 40개 공간 사용 중
✅ 원시 데이터가 저장되었습니다. (ID: 1214131)
✅ 97개 주차 공간 상태가 업데이트되었습니다.
📊 주차장 현황 요약:
   전체 공간: 97개
   사용 중: 40개
   이용 가능: 57개
   사용률: 41.2%
ℹ️  LPR 데이터 처리는 현재 비활성화되어 있습니다.
✅ 엔진 데이터 처리가 완료되었습니다.
🔄 엔진 데이터 처리를 시작합니다: 2025-07-03 17:49:31.596202
📊 주차 데이터 파싱 완료: 42개 공간 사용 중
✅ 원시 데이터가 저장되었습니다. (ID: 1214135)
✅ 97개 주차 공간 상태가 업데이트되었습니다.
📊 주차장 현황 요약:
   전체 공간: 97개
   사용 중: 42개
   이용 가능: 55개
   사용률: 43.3%
ℹ️  LPR 데이터 처리는 현재 비활성화되어 있습니다.
✅ 엔진 데이터 처리가 완료되었습니다.
🔄 엔진 데이터 처리를 시작합니다: 2025-07-03 17:49:33.596232
📊 주차 데이터 파싱 완료: 42개 공간 사용 중
✅ 원시 데이터가 저장되었습니다. (ID: 1214137)
✅ 97개 주차 공간 상태가 업데이트되었습니다.
📊 주차장 현황 요약:
   전체 공간: 97개
   사용 중: 42개
   이용 가능: 55개
   사용률: 43.3%
ℹ️  LPR 데이터 처리는 현재 비활성화되어 있습니다.
✅ 엔진 데이터 처리가 완료되었습니다.
🔄 엔진 데이터 처리를 시작합니다: 2025-07-03 17:49:35.593748
📊 주차 데이터 파싱 완료: 42개 공간 사용 중
✅ 원시 데이터가 저장되었습니다. (ID: 1214141)
✅ 97개 주차 공간 상태가 업데이트되었습니다.
📊 주차장 현황 요약:
   전체 공간: 97개
   사용 중: 42개
   이용 가능: 55개
   사용률: 43.3%
ℹ️  LPR 데이터 처리는 현재 비활성화되어 있습니다.
✅ 엔진 데이터 처리가 완료되었습니다.
🔄 엔진 데이터 처리를 시작합니다: 2025-07-03 17:49:37.594165
📊 주차 데이터 파싱 완료: 42개 공간 사용 중
✅ 원시 데이터가 저장되었습니다. (ID: 1214143)
✅ 97개 주차 공간 상태가 업데이트되었습니다.
📊 주차장 현황 요약:
   전체 공간: 97개
   사용 중: 42개
   이용 가능: 55개
   사용률: 43.3%
ℹ️  LPR 데이터 처리는 현재 비활성화되어 있습니다.
✅ 엔진 데이터 처리가 완료되었습니다.
🔄 엔진 데이터 처리를 시작합니다: 2025-07-03 17:49:39.596417
📊 주차 데이터 파싱 완료: 42개 공간 사용 중
✅ 원시 데이터가 저장되었습니다. (ID: 1214147)
✅ 97개 주차 공간 상태가 업데이트되었습니다.
📊 주차장 현황 요약:
   전체 공간: 97개
   사용 중: 42개
   이용 가능: 55개
   사용률: 43.3%
ℹ️  LPR 데이터 처리는 현재 비활성화되어 있습니다.
✅ 엔진 데이터 처리가 완료되었습니다.
🔄 엔진 데이터 처리를 시작합니다: 2025-07-03 17:49:41.595205
📊 주차 데이터 파싱 완료: 42개 공간 사용 중
✅ 원시 데이터가 저장되었습니다. (ID: 1214149)
✅ 97개 주차 공간 상태가 업데이트되었습니다.
📊 주차장 현황 요약:
   전체 공간: 97개
   사용 중: 42개
   이용 가능: 55개
   사용률: 43.3%
ℹ️  LPR 데이터 처리는 현재 비활성화되어 있습니다.
✅ 엔진 데이터 처리가 완료되었습니다.
🔄 엔진 데이터 처리를 시작합니다: 2025-07-03 17:49:43.595308
📊 주차 데이터 파싱 완료: 41개 공간 사용 중
✅ 원시 데이터가 저장되었습니다. (ID: 1214154)
✅ 97개 주차 공간 상태가 업데이트되었습니다.
📊 주차장 현황 요약:
   전체 공간: 97개
   사용 중: 41개
   이용 가능: 56개
   사용률: 42.3%
ℹ️  LPR 데이터 처리는 현재 비활성화되어 있습니다.
✅ 엔진 데이터 처리가 완료되었습니다.
🔄 엔진 데이터 처리를 시작합니다: 2025-07-03 17:49:45.595798
📊 주차 데이터 파싱 완료: 40개 공간 사용 중
✅ 원시 데이터가 저장되었습니다. (ID: 1214155)
✅ 97개 주차 공간 상태가 업데이트되었습니다.
📊 주차장 현황 요약:
   전체 공간: 97개
   사용 중: 40개
   이용 가능: 57개
   사용률: 41.2%
ℹ️  LPR 데이터 처리는 현재 비활성화되어 있습니다.
✅ 엔진 데이터 처리가 완료되었습니다.
🔄 엔진 데이터 처리를 시작합니다: 2025-07-03 17:49:47.596048
📊 주차 데이터 파싱 완료: 40개 공간 사용 중
✅ 원시 데이터가 저장되었습니다. (ID: 1214159)
✅ 97개 주차 공간 상태가 업데이트되었습니다.
📊 주차장 현황 요약:
   전체 공간: 97개
   사용 중: 40개
   이용 가능: 57개
   사용률: 41.2%
ℹ️  LPR 데이터 처리는 현재 비활성화되어 있습니다.
✅ 엔진 데이터 처리가 완료되었습니다.
🔄 엔진 데이터 처리를 시작합니다: 2025-07-03 17:49:49.596317
📊 주차 데이터 파싱 완료: 40개 공간 사용 중
✅ 원시 데이터가 저장되었습니다. (ID: 1214161)
✅ 97개 주차 공간 상태가 업데이트되었습니다.
📊 주차장 현황 요약:
   전체 공간: 97개
   사용 중: 40개
   이용 가능: 57개
   사용률: 41.2%
ℹ️  LPR 데이터 처리는 현재 비활성화되어 있습니다.
✅ 엔진 데이터 처리가 완료되었습니다.
🔄 엔진 데이터 처리를 시작합니다: 2025-07-03 17:49:51.595486
📊 주차 데이터 파싱 완료: 40개 공간 사용 중
✅ 원시 데이터가 저장되었습니다. (ID: 1214165)
✅ 97개 주차 공간 상태가 업데이트되었습니다.
📊 주차장 현황 요약:
   전체 공간: 97개
   사용 중: 40개
   이용 가능: 57개
   사용률: 41.2%
ℹ️  LPR 데이터 처리는 현재 비활성화되어 있습니다.
✅ 엔진 데이터 처리가 완료되었습니다.
🔄 엔진 데이터 처리를 시작합니다: 2025-07-03 17:49:53.594012
📊 주차 데이터 파싱 완료: 40개 공간 사용 중
✅ 원시 데이터가 저장되었습니다. (ID: 1214167)
✅ 97개 주차 공간 상태가 업데이트되었습니다.
📊 주차장 현황 요약:
   전체 공간: 97개
   사용 중: 40개
   이용 가능: 57개
   사용률: 41.2%
ℹ️  LPR 데이터 처리는 현재 비활성화되어 있습니다.
✅ 엔진 데이터 처리가 완료되었습니다.
🔄 엔진 데이터 처리를 시작합니다: 2025-07-03 17:49:55.594506
📊 주차 데이터 파싱 완료: 39개 공간 사용 중
✅ 원시 데이터가 저장되었습니다. (ID: 1214171)
✅ 97개 주차 공간 상태가 업데이트되었습니다.
📊 주차장 현황 요약:
   전체 공간: 97개
   사용 중: 39개
   이용 가능: 58개
   사용률: 40.2%
ℹ️  LPR 데이터 처리는 현재 비활성화되어 있습니다.
✅ 엔진 데이터 처리가 완료되었습니다.
🔄 엔진 데이터 처리를 시작합니다: 2025-07-03 17:49:57.595273
📊 주차 데이터 파싱 완료: 40개 공간 사용 중
✅ 원시 데이터가 저장되었습니다. (ID: 1214173)
✅ 97개 주차 공간 상태가 업데이트되었습니다.
📊 주차장 현황 요약:
   전체 공간: 97개
   사용 중: 40개
   이용 가능: 57개
   사용률: 41.2%
ℹ️  LPR 데이터 처리는 현재 비활성화되어 있습니다.
✅ 엔진 데이터 처리가 완료되었습니다.
🔄 엔진 데이터 처리를 시작합니다: 2025-07-03 17:49:59.596281
📊 주차 데이터 파싱 완료: 39개 공간 사용 중
✅ 원시 데이터가 저장되었습니다. (ID: 1214177)
✅ 97개 주차 공간 상태가 업데이트되었습니다.
📊 주차장 현황 요약:
   전체 공간: 97개
   사용 중: 39개
   이용 가능: 58개
   사용률: 40.2%
ℹ️  LPR 데이터 처리는 현재 비활성화되어 있습니다.
✅ 엔진 데이터 처리가 완료되었습니다.
🔄 엔진 데이터 처리를 시작합니다: 2025-07-03 17:50:01.593361
📊 주차 데이터 파싱 완료: 39개 공간 사용 중
✅ 원시 데이터가 저장되었습니다. (ID: 1214179)
✅ 97개 주차 공간 상태가 업데이트되었습니다.
📊 주차장 현황 요약:
   전체 공간: 97개
   사용 중: 39개
   이용 가능: 58개
   사용률: 40.2%
ℹ️  LPR 데이터 처리는 현재 비활성화되어 있습니다.
✅ 엔진 데이터 처리가 완료되었습니다.
🔄 엔진 데이터 처리를 시작합니다: 2025-07-03 17:50:03.596167
📊 주차 데이터 파싱 완료: 39개 공간 사용 중
✅ 원시 데이터가 저장되었습니다. (ID: 1214183)
✅ 97개 주차 공간 상태가 업데이트되었습니다.
📊 주차장 현황 요약:
   전체 공간: 97개
   사용 중: 39개
   이용 가능: 58개
   사용률: 40.2%
ℹ️  LPR 데이터 처리는 현재 비활성화되어 있습니다.
✅ 엔진 데이터 처리가 완료되었습니다.
🔄 엔진 데이터 처리를 시작합니다: 2025-07-03 17:50:05.595529
📊 주차 데이터 파싱 완료: 39개 공간 사용 중
✅ 원시 데이터가 저장되었습니다. (ID: 1214185)
✅ 97개 주차 공간 상태가 업데이트되었습니다.
📊 주차장 현황 요약:
   전체 공간: 97개
   사용 중: 39개
   이용 가능: 58개
   사용률: 40.2%
ℹ️  LPR 데이터 처리는 현재 비활성화되어 있습니다.
✅ 엔진 데이터 처리가 완료되었습니다.
🔄 엔진 데이터 처리를 시작합니다: 2025-07-03 17:50:07.595212
📊 주차 데이터 파싱 완료: 39개 공간 사용 중
✅ 원시 데이터가 저장되었습니다. (ID: 1214190)
✅ 97개 주차 공간 상태가 업데이트되었습니다.
📊 주차장 현황 요약:
   전체 공간: 97개
   사용 중: 39개
   이용 가능: 58개
   사용률: 40.2%
ℹ️  LPR 데이터 처리는 현재 비활성화되어 있습니다.
✅ 엔진 데이터 처리가 완료되었습니다.
🔄 엔진 데이터 처리를 시작합니다: 2025-07-03 17:50:09.595911
📊 주차 데이터 파싱 완료: 40개 공간 사용 중
✅ 원시 데이터가 저장되었습니다. (ID: 1214191)
✅ 97개 주차 공간 상태가 업데이트되었습니다.
📊 주차장 현황 요약:
   전체 공간: 97개
   사용 중: 40개
   이용 가능: 57개
   사용률: 41.2%
ℹ️  LPR 데이터 처리는 현재 비활성화되어 있습니다.
✅ 엔진 데이터 처리가 완료되었습니다.
🔄 엔진 데이터 처리를 시작합니다: 2025-07-03 17:50:11.595734
📊 주차 데이터 파싱 완료: 41개 공간 사용 중
✅ 원시 데이터가 저장되었습니다. (ID: 1214196)
✅ 97개 주차 공간 상태가 업데이트되었습니다.
📊 주차장 현황 요약:
   전체 공간: 97개
   사용 중: 41개
   이용 가능: 56개
   사용률: 42.3%
ℹ️  LPR 데이터 처리는 현재 비활성화되어 있습니다.
✅ 엔진 데이터 처리가 완료되었습니다.
🔄 엔진 데이터 처리를 시작합니다: 2025-07-03 17:50:13.595615
📊 주차 데이터 파싱 완료: 40개 공간 사용 중
✅ 원시 데이터가 저장되었습니다. (ID: 1214197)
✅ 97개 주차 공간 상태가 업데이트되었습니다.
📊 주차장 현황 요약:
   전체 공간: 97개
   사용 중: 40개
   이용 가능: 57개
   사용률: 41.2%
ℹ️  LPR 데이터 처리는 현재 비활성화되어 있습니다.
✅ 엔진 데이터 처리가 완료되었습니다.
🔄 엔진 데이터 처리를 시작합니다: 2025-07-03 17:50:15.595874
📊 주차 데이터 파싱 완료: 41개 공간 사용 중
✅ 원시 데이터가 저장되었습니다. (ID: 1214201)
✅ 97개 주차 공간 상태가 업데이트되었습니다.
📊 주차장 현황 요약:
   전체 공간: 97개
   사용 중: 41개
   이용 가능: 56개
   사용률: 42.3%
ℹ️  LPR 데이터 처리는 현재 비활성화되어 있습니다.
✅ 엔진 데이터 처리가 완료되었습니다.
🔄 엔진 데이터 처리를 시작합니다: 2025-07-03 17:50:17.595316
📊 주차 데이터 파싱 완료: 41개 공간 사용 중
✅ 원시 데이터가 저장되었습니다. (ID: 1214203)
✅ 97개 주차 공간 상태가 업데이트되었습니다.
📊 주차장 현황 요약:
   전체 공간: 97개
   사용 중: 41개
   이용 가능: 56개
   사용률: 42.3%
ℹ️  LPR 데이터 처리는 현재 비활성화되어 있습니다.
✅ 엔진 데이터 처리가 완료되었습니다.
🔄 엔진 데이터 처리를 시작합니다: 2025-07-03 17:50:19.595858
📊 주차 데이터 파싱 완료: 14개 공간 사용 중
✅ 원시 데이터가 저장되었습니다. (ID: 1214207)
✅ 97개 주차 공간 상태가 업데이트되었습니다.
📊 주차장 현황 요약:
   전체 공간: 97개
   사용 중: 14개
   이용 가능: 83개
   사용률: 14.4%
ℹ️  LPR 데이터 처리는 현재 비활성화되어 있습니다.
✅ 엔진 데이터 처리가 완료되었습니다.
🔄 엔진 데이터 처리를 시작합니다: 2025-07-03 17:50:21.595336
📊 주차 데이터 파싱 완료: 40개 공간 사용 중
✅ 원시 데이터가 저장되었습니다. (ID: 1214209)
✅ 97개 주차 공간 상태가 업데이트되었습니다.
📊 주차장 현황 요약:
   전체 공간: 97개
   사용 중: 40개
   이용 가능: 57개
   사용률: 41.2%
ℹ️  LPR 데이터 처리는 현재 비활성화되어 있습니다.
✅ 엔진 데이터 처리가 완료되었습니다.
🔄 엔진 데이터 처리를 시작합니다: 2025-07-03 17:50:23.594809
📊 주차 데이터 파싱 완료: 39개 공간 사용 중
✅ 원시 데이터가 저장되었습니다. (ID: 1214213)
✅ 97개 주차 공간 상태가 업데이트되었습니다.
📊 주차장 현황 요약:
   전체 공간: 97개
   사용 중: 39개
   이용 가능: 58개
   사용률: 40.2%
ℹ️  LPR 데이터 처리는 현재 비활성화되어 있습니다.
✅ 엔진 데이터 처리가 완료되었습니다.
🔄 엔진 데이터 처리를 시작합니다: 2025-07-03 17:50:25.595448
📊 주차 데이터 파싱 완료: 39개 공간 사용 중
✅ 원시 데이터가 저장되었습니다. (ID: 1214214)
✅ 97개 주차 공간 상태가 업데이트되었습니다.
📊 주차장 현황 요약:
   전체 공간: 97개
   사용 중: 39개
   이용 가능: 58개
   사용률: 40.2%
ℹ️  LPR 데이터 처리는 현재 비활성화되어 있습니다.
✅ 엔진 데이터 처리가 완료되었습니다.
🔄 엔진 데이터 처리를 시작합니다: 2025-07-03 17:50:27.594902
📊 주차 데이터 파싱 완료: 40개 공간 사용 중
✅ 원시 데이터가 저장되었습니다. (ID: 1214219)
✅ 97개 주차 공간 상태가 업데이트되었습니다.
📊 주차장 현황 요약:
   전체 공간: 97개
   사용 중: 40개
   이용 가능: 57개
   사용률: 41.2%
ℹ️  LPR 데이터 처리는 현재 비활성화되어 있습니다.
✅ 엔진 데이터 처리가 완료되었습니다.
🔄 엔진 데이터 처리를 시작합니다: 2025-07-03 17:50:29.593013
📊 주차 데이터 파싱 완료: 40개 공간 사용 중
✅ 원시 데이터가 저장되었습니다. (ID: 1214220)
✅ 97개 주차 공간 상태가 업데이트되었습니다.
📊 주차장 현황 요약:
   전체 공간: 97개
   사용 중: 40개
   이용 가능: 57개
   사용률: 41.2%
ℹ️  LPR 데이터 처리는 현재 비활성화되어 있습니다.
✅ 엔진 데이터 처리가 완료되었습니다.
🔄 엔진 데이터 처리를 시작합니다: 2025-07-03 17:50:31.595038
📊 주차 데이터 파싱 완료: 41개 공간 사용 중
✅ 원시 데이터가 저장되었습니다. (ID: 1214224)
✅ 97개 주차 공간 상태가 업데이트되었습니다.
📊 주차장 현황 요약:
   전체 공간: 97개
   사용 중: 41개
   이용 가능: 56개
   사용률: 42.3%
ℹ️  LPR 데이터 처리는 현재 비활성화되어 있습니다.
✅ 엔진 데이터 처리가 완료되었습니다.
🔄 엔진 데이터 처리를 시작합니다: 2025-07-03 17:50:33.595652
📊 주차 데이터 파싱 완료: 41개 공간 사용 중
✅ 원시 데이터가 저장되었습니다. (ID: 1214226)
✅ 97개 주차 공간 상태가 업데이트되었습니다.
📊 주차장 현황 요약:
   전체 공간: 97개
   사용 중: 41개
   이용 가능: 56개
   사용률: 42.3%
ℹ️  LPR 데이터 처리는 현재 비활성화되어 있습니다.
✅ 엔진 데이터 처리가 완료되었습니다.
🔄 엔진 데이터 처리를 시작합니다: 2025-07-03 17:50:35.594545
📊 주차 데이터 파싱 완료: 39개 공간 사용 중
✅ 원시 데이터가 저장되었습니다. (ID: 1214230)
✅ 97개 주차 공간 상태가 업데이트되었습니다.
📊 주차장 현황 요약:
   전체 공간: 97개
   사용 중: 39개
   이용 가능: 58개
   사용률: 40.2%
ℹ️  LPR 데이터 처리는 현재 비활성화되어 있습니다.
✅ 엔진 데이터 처리가 완료되었습니다.
🔄 엔진 데이터 처리를 시작합니다: 2025-07-03 17:50:37.594314
📊 주차 데이터 파싱 완료: 40개 공간 사용 중
✅ 원시 데이터가 저장되었습니다. (ID: 1214232)
✅ 97개 주차 공간 상태가 업데이트되었습니다.
📊 주차장 현황 요약:
   전체 공간: 97개
   사용 중: 40개
   이용 가능: 57개
   사용률: 41.2%
ℹ️  LPR 데이터 처리는 현재 비활성화되어 있습니다.
✅ 엔진 데이터 처리가 완료되었습니다.
🔄 엔진 데이터 처리를 시작합니다: 2025-07-03 17:50:39.595437
📊 주차 데이터 파싱 완료: 39개 공간 사용 중
✅ 원시 데이터가 저장되었습니다. (ID: 1214237)
✅ 97개 주차 공간 상태가 업데이트되었습니다.
📊 주차장 현황 요약:
   전체 공간: 97개
   사용 중: 39개
   이용 가능: 58개
   사용률: 40.2%
ℹ️  LPR 데이터 처리는 현재 비활성화되어 있습니다.
✅ 엔진 데이터 처리가 완료되었습니다.
🔄 엔진 데이터 처리를 시작합니다: 2025-07-03 17:50:41.595442
📊 주차 데이터 파싱 완료: 39개 공간 사용 중
✅ 원시 데이터가 저장되었습니다. (ID: 1214238)
✅ 97개 주차 공간 상태가 업데이트되었습니다.
📊 주차장 현황 요약:
   전체 공간: 97개
   사용 중: 39개
   이용 가능: 58개
   사용률: 40.2%
ℹ️  LPR 데이터 처리는 현재 비활성화되어 있습니다.
✅ 엔진 데이터 처리가 완료되었습니다.
🔄 엔진 데이터 처리를 시작합니다: 2025-07-03 17:50:43.594581
📊 주차 데이터 파싱 완료: 40개 공간 사용 중
✅ 원시 데이터가 저장되었습니다. (ID: 1214242)
✅ 97개 주차 공간 상태가 업데이트되었습니다.
📊 주차장 현황 요약:
   전체 공간: 97개
   사용 중: 40개
   이용 가능: 57개
   사용률: 41.2%
ℹ️  LPR 데이터 처리는 현재 비활성화되어 있습니다.
✅ 엔진 데이터 처리가 완료되었습니다.
🔄 엔진 데이터 처리를 시작합니다: 2025-07-03 17:50:45.595406
📊 주차 데이터 파싱 완료: 41개 공간 사용 중
✅ 원시 데이터가 저장되었습니다. (ID: 1214244)
✅ 97개 주차 공간 상태가 업데이트되었습니다.
📊 주차장 현황 요약:
   전체 공간: 97개
   사용 중: 41개
   이용 가능: 56개
   사용률: 42.3%
ℹ️  LPR 데이터 처리는 현재 비활성화되어 있습니다.
✅ 엔진 데이터 처리가 완료되었습니다.
🔄 엔진 데이터 처리를 시작합니다: 2025-07-03 17:50:47.594103
📊 주차 데이터 파싱 완료: 41개 공간 사용 중
✅ 원시 데이터가 저장되었습니다. (ID: 1214248)
✅ 97개 주차 공간 상태가 업데이트되었습니다.
📊 주차장 현황 요약:
   전체 공간: 97개
   사용 중: 41개
   이용 가능: 56개
   사용률: 42.3%
ℹ️  LPR 데이터 처리는 현재 비활성화되어 있습니다.
✅ 엔진 데이터 처리가 완료되었습니다.
🔄 엔진 데이터 처리를 시작합니다: 2025-07-03 17:50:49.594030
📊 주차 데이터 파싱 완료: 40개 공간 사용 중
✅ 원시 데이터가 저장되었습니다. (ID: 1214250)
✅ 97개 주차 공간 상태가 업데이트되었습니다.
📊 주차장 현황 요약:
   전체 공간: 97개
   사용 중: 40개
   이용 가능: 57개
   사용률: 41.2%
ℹ️  LPR 데이터 처리는 현재 비활성화되어 있습니다.
✅ 엔진 데이터 처리가 완료되었습니다.
🔄 엔진 데이터 처리를 시작합니다: 2025-07-03 17:50:51.594069
📊 주차 데이터 파싱 완료: 38개 공간 사용 중
✅ 원시 데이터가 저장되었습니다. (ID: 1214254)
✅ 97개 주차 공간 상태가 업데이트되었습니다.
📊 주차장 현황 요약:
   전체 공간: 97개
   사용 중: 38개
   이용 가능: 59개
   사용률: 39.2%
ℹ️  LPR 데이터 처리는 현재 비활성화되어 있습니다.
✅ 엔진 데이터 처리가 완료되었습니다.
🔄 엔진 데이터 처리를 시작합니다: 2025-07-03 17:50:53.593854
📊 주차 데이터 파싱 완료: 40개 공간 사용 중
✅ 원시 데이터가 저장되었습니다. (ID: 1214256)
✅ 97개 주차 공간 상태가 업데이트되었습니다.
📊 주차장 현황 요약:
   전체 공간: 97개
   사용 중: 40개
   이용 가능: 57개
   사용률: 41.2%
ℹ️  LPR 데이터 처리는 현재 비활성화되어 있습니다.
✅ 엔진 데이터 처리가 완료되었습니다.
🔄 엔진 데이터 처리를 시작합니다: 2025-07-03 17:50:55.595257
📊 주차 데이터 파싱 완료: 38개 공간 사용 중
✅ 원시 데이터가 저장되었습니다. (ID: 1214261)
✅ 97개 주차 공간 상태가 업데이트되었습니다.
📊 주차장 현황 요약:
   전체 공간: 97개
   사용 중: 38개
   이용 가능: 59개
   사용률: 39.2%
ℹ️  LPR 데이터 처리는 현재 비활성화되어 있습니다.
✅ 엔진 데이터 처리가 완료되었습니다.
🔄 엔진 데이터 처리를 시작합니다: 2025-07-03 17:50:57.595556
📊 주차 데이터 파싱 완료: 38개 공간 사용 중
✅ 원시 데이터가 저장되었습니다. (ID: 1214262)
✅ 97개 주차 공간 상태가 업데이트되었습니다.
📊 주차장 현황 요약:
   전체 공간: 97개
   사용 중: 38개
   이용 가능: 59개
   사용률: 39.2%
ℹ️  LPR 데이터 처리는 현재 비활성화되어 있습니다.
✅ 엔진 데이터 처리가 완료되었습니다.
🔄 엔진 데이터 처리를 시작합니다: 2025-07-03 17:50:59.594881
📊 주차 데이터 파싱 완료: 38개 공간 사용 중
✅ 원시 데이터가 저장되었습니다. (ID: 1214266)
✅ 97개 주차 공간 상태가 업데이트되었습니다.
📊 주차장 현황 요약:
   전체 공간: 97개
   사용 중: 38개
   이용 가능: 59개
   사용률: 39.2%
ℹ️  LPR 데이터 처리는 현재 비활성화되어 있습니다.
✅ 엔진 데이터 처리가 완료되었습니다.
🔄 엔진 데이터 처리를 시작합니다: 2025-07-03 17:51:01.594779
📊 주차 데이터 파싱 완료: 40개 공간 사용 중
✅ 원시 데이터가 저장되었습니다. (ID: 1214268)
✅ 97개 주차 공간 상태가 업데이트되었습니다.
📊 주차장 현황 요약:
   전체 공간: 97개
   사용 중: 40개
   이용 가능: 57개
   사용률: 41.2%
ℹ️  LPR 데이터 처리는 현재 비활성화되어 있습니다.
✅ 엔진 데이터 처리가 완료되었습니다.
🔄 엔진 데이터 처리를 시작합니다: 2025-07-03 17:51:03.594385
📊 주차 데이터 파싱 완료: 39개 공간 사용 중
✅ 원시 데이터가 저장되었습니다. (ID: 1214272)
✅ 97개 주차 공간 상태가 업데이트되었습니다.
📊 주차장 현황 요약:
   전체 공간: 97개
   사용 중: 39개
   이용 가능: 58개
   사용률: 40.2%
ℹ️  LPR 데이터 처리는 현재 비활성화되어 있습니다.
✅ 엔진 데이터 처리가 완료되었습니다.
🔄 엔진 데이터 처리를 시작합니다: 2025-07-03 17:51:05.595156
📊 주차 데이터 파싱 완료: 39개 공간 사용 중
✅ 원시 데이터가 저장되었습니다. (ID: 1214274)
✅ 97개 주차 공간 상태가 업데이트되었습니다.
📊 주차장 현황 요약:
   전체 공간: 97개
   사용 중: 39개
   이용 가능: 58개
   사용률: 40.2%
ℹ️  LPR 데이터 처리는 현재 비활성화되어 있습니다.
✅ 엔진 데이터 처리가 완료되었습니다.
🔄 엔진 데이터 처리를 시작합니다: 2025-07-03 17:51:07.595225
📊 주차 데이터 파싱 완료: 41개 공간 사용 중
✅ 원시 데이터가 저장되었습니다. (ID: 1214278)
✅ 97개 주차 공간 상태가 업데이트되었습니다.
📊 주차장 현황 요약:
   전체 공간: 97개
   사용 중: 41개
   이용 가능: 56개
   사용률: 42.3%
ℹ️  LPR 데이터 처리는 현재 비활성화되어 있습니다.
✅ 엔진 데이터 처리가 완료되었습니다.
🔄 엔진 데이터 처리를 시작합니다: 2025-07-03 17:51:09.594925
📊 주차 데이터 파싱 완료: 41개 공간 사용 중
✅ 원시 데이터가 저장되었습니다. (ID: 1214280)
✅ 97개 주차 공간 상태가 업데이트되었습니다.
📊 주차장 현황 요약:
   전체 공간: 97개
   사용 중: 41개
   이용 가능: 56개
   사용률: 42.3%
ℹ️  LPR 데이터 처리는 현재 비활성화되어 있습니다.
✅ 엔진 데이터 처리가 완료되었습니다.
🔄 엔진 데이터 처리를 시작합니다: 2025-07-03 17:51:11.593652
📊 주차 데이터 파싱 완료: 42개 공간 사용 중
✅ 원시 데이터가 저장되었습니다. (ID: 1214284)
✅ 97개 주차 공간 상태가 업데이트되었습니다.
📊 주차장 현황 요약:
   전체 공간: 97개
   사용 중: 42개
   이용 가능: 55개
   사용률: 43.3%
ℹ️  LPR 데이터 처리는 현재 비활성화되어 있습니다.
✅ 엔진 데이터 처리가 완료되었습니다.
🔄 엔진 데이터 처리를 시작합니다: 2025-07-03 17:51:13.594588
📊 주차 데이터 파싱 완료: 40개 공간 사용 중
✅ 원시 데이터가 저장되었습니다. (ID: 1214286)
✅ 97개 주차 공간 상태가 업데이트되었습니다.
📊 주차장 현황 요약:
   전체 공간: 97개
   사용 중: 40개
   이용 가능: 57개
   사용률: 41.2%
ℹ️  LPR 데이터 처리는 현재 비활성화되어 있습니다.
✅ 엔진 데이터 처리가 완료되었습니다.
🔄 엔진 데이터 처리를 시작합니다: 2025-07-03 17:51:15.594828
📊 주차 데이터 파싱 완료: 39개 공간 사용 중
✅ 원시 데이터가 저장되었습니다. (ID: 1214290)
✅ 97개 주차 공간 상태가 업데이트되었습니다.
📊 주차장 현황 요약:
   전체 공간: 97개
   사용 중: 39개
   이용 가능: 58개
   사용률: 40.2%
ℹ️  LPR 데이터 처리는 현재 비활성화되어 있습니다.
✅ 엔진 데이터 처리가 완료되었습니다.
🔄 엔진 데이터 처리를 시작합니다: 2025-07-03 17:51:17.594713
📊 주차 데이터 파싱 완료: 38개 공간 사용 중
✅ 원시 데이터가 저장되었습니다. (ID: 1214292)
✅ 97개 주차 공간 상태가 업데이트되었습니다.
📊 주차장 현황 요약:
   전체 공간: 97개
   사용 중: 38개
   이용 가능: 59개
   사용률: 39.2%
ℹ️  LPR 데이터 처리는 현재 비활성화되어 있습니다.
✅ 엔진 데이터 처리가 완료되었습니다.
🔄 엔진 데이터 처리를 시작합니다: 2025-07-03 17:51:19.592667
📊 주차 데이터 파싱 완료: 38개 공간 사용 중
✅ 원시 데이터가 저장되었습니다. (ID: 1214296)
✅ 97개 주차 공간 상태가 업데이트되었습니다.
📊 주차장 현황 요약:
   전체 공간: 97개
   사용 중: 38개
   이용 가능: 59개
   사용률: 39.2%
ℹ️  LPR 데이터 처리는 현재 비활성화되어 있습니다.
✅ 엔진 데이터 처리가 완료되었습니다.
🔄 엔진 데이터 처리를 시작합니다: 2025-07-03 17:51:21.594041
📊 주차 데이터 파싱 완료: 37개 공간 사용 중
✅ 원시 데이터가 저장되었습니다. (ID: 1214298)
✅ 97개 주차 공간 상태가 업데이트되었습니다.
📊 주차장 현황 요약:
   전체 공간: 97개
   사용 중: 37개
   이용 가능: 60개
   사용률: 38.1%
ℹ️  LPR 데이터 처리는 현재 비활성화되어 있습니다.
✅ 엔진 데이터 처리가 완료되었습니다.
🔄 엔진 데이터 처리를 시작합니다: 2025-07-03 17:51:23.599423
📊 주차 데이터 파싱 완료: 39개 공간 사용 중
✅ 원시 데이터가 저장되었습니다. (ID: 1214302)
✅ 97개 주차 공간 상태가 업데이트되었습니다.
📊 주차장 현황 요약:
   전체 공간: 97개
   사용 중: 39개
   이용 가능: 58개
   사용률: 40.2%
ℹ️  LPR 데이터 처리는 현재 비활성화되어 있습니다.
✅ 엔진 데이터 처리가 완료되었습니다.
🔄 엔진 데이터 처리를 시작합니다: 2025-07-03 17:51:25.593733
📊 주차 데이터 파싱 완료: 39개 공간 사용 중
✅ 원시 데이터가 저장되었습니다. (ID: 1214304)
✅ 97개 주차 공간 상태가 업데이트되었습니다.
📊 주차장 현황 요약:
   전체 공간: 97개
   사용 중: 39개
   이용 가능: 58개
   사용률: 40.2%
ℹ️  LPR 데이터 처리는 현재 비활성화되어 있습니다.
✅ 엔진 데이터 처리가 완료되었습니다.
🔄 엔진 데이터 처리를 시작합니다: 2025-07-03 17:51:27.595087
📊 주차 데이터 파싱 완료: 38개 공간 사용 중
✅ 원시 데이터가 저장되었습니다. (ID: 1214308)
✅ 97개 주차 공간 상태가 업데이트되었습니다.
📊 주차장 현황 요약:
   전체 공간: 97개
   사용 중: 38개
   이용 가능: 59개
   사용률: 39.2%
ℹ️  LPR 데이터 처리는 현재 비활성화되어 있습니다.
✅ 엔진 데이터 처리가 완료되었습니다.
🔄 엔진 데이터 처리를 시작합니다: 2025-07-03 17:51:29.593575
📊 주차 데이터 파싱 완료: 38개 공간 사용 중
✅ 원시 데이터가 저장되었습니다. (ID: 1214310)
✅ 97개 주차 공간 상태가 업데이트되었습니다.
📊 주차장 현황 요약:
   전체 공간: 97개
   사용 중: 38개
   이용 가능: 59개
   사용률: 39.2%
ℹ️  LPR 데이터 처리는 현재 비활성화되어 있습니다.
✅ 엔진 데이터 처리가 완료되었습니다.
🔄 엔진 데이터 처리를 시작합니다: 2025-07-03 17:51:31.594679
📊 주차 데이터 파싱 완료: 39개 공간 사용 중
✅ 원시 데이터가 저장되었습니다. (ID: 1214314)
✅ 97개 주차 공간 상태가 업데이트되었습니다.
📊 주차장 현황 요약:
   전체 공간: 97개
   사용 중: 39개
   이용 가능: 58개
   사용률: 40.2%
ℹ️  LPR 데이터 처리는 현재 비활성화되어 있습니다.
✅ 엔진 데이터 처리가 완료되었습니다.
🔄 엔진 데이터 처리를 시작합니다: 2025-07-03 17:51:33.594501
📊 주차 데이터 파싱 완료: 41개 공간 사용 중
✅ 원시 데이터가 저장되었습니다. (ID: 1214316)
✅ 97개 주차 공간 상태가 업데이트되었습니다.
📊 주차장 현황 요약:
   전체 공간: 97개
   사용 중: 41개
   이용 가능: 56개
   사용률: 42.3%
ℹ️  LPR 데이터 처리는 현재 비활성화되어 있습니다.
✅ 엔진 데이터 처리가 완료되었습니다.
🔄 엔진 데이터 처리를 시작합니다: 2025-07-03 17:51:35.593859
📊 주차 데이터 파싱 완료: 42개 공간 사용 중
✅ 원시 데이터가 저장되었습니다. (ID: 1214320)
✅ 97개 주차 공간 상태가 업데이트되었습니다.
📊 주차장 현황 요약:
   전체 공간: 97개
   사용 중: 42개
   이용 가능: 55개
   사용률: 43.3%
ℹ️  LPR 데이터 처리는 현재 비활성화되어 있습니다.
✅ 엔진 데이터 처리가 완료되었습니다.
🔄 엔진 데이터 처리를 시작합니다: 2025-07-03 17:51:37.593437
📊 주차 데이터 파싱 완료: 40개 공간 사용 중
✅ 원시 데이터가 저장되었습니다. (ID: 1214322)
✅ 97개 주차 공간 상태가 업데이트되었습니다.
📊 주차장 현황 요약:
   전체 공간: 97개
   사용 중: 40개
   이용 가능: 57개
   사용률: 41.2%
ℹ️  LPR 데이터 처리는 현재 비활성화되어 있습니다.
✅ 엔진 데이터 처리가 완료되었습니다.
🔄 엔진 데이터 처리를 시작합니다: 2025-07-03 17:51:39.594517
📊 주차 데이터 파싱 완료: 38개 공간 사용 중
✅ 원시 데이터가 저장되었습니다. (ID: 1214326)
✅ 97개 주차 공간 상태가 업데이트되었습니다.
📊 주차장 현황 요약:
   전체 공간: 97개
   사용 중: 38개
   이용 가능: 59개
   사용률: 39.2%
ℹ️  LPR 데이터 처리는 현재 비활성화되어 있습니다.
✅ 엔진 데이터 처리가 완료되었습니다.
🔄 엔진 데이터 처리를 시작합니다: 2025-07-03 17:51:41.594817
📊 주차 데이터 파싱 완료: 39개 공간 사용 중
✅ 원시 데이터가 저장되었습니다. (ID: 1214328)
✅ 97개 주차 공간 상태가 업데이트되었습니다.
📊 주차장 현황 요약:
   전체 공간: 97개
   사용 중: 39개
   이용 가능: 58개
   사용률: 40.2%
ℹ️  LPR 데이터 처리는 현재 비활성화되어 있습니다.
✅ 엔진 데이터 처리가 완료되었습니다.
🔄 엔진 데이터 처리를 시작합니다: 2025-07-03 17:51:43.594159
📊 주차 데이터 파싱 완료: 40개 공간 사용 중
✅ 원시 데이터가 저장되었습니다. (ID: 1214332)
✅ 97개 주차 공간 상태가 업데이트되었습니다.
📊 주차장 현황 요약:
   전체 공간: 97개
   사용 중: 40개
   이용 가능: 57개
   사용률: 41.2%
ℹ️  LPR 데이터 처리는 현재 비활성화되어 있습니다.
✅ 엔진 데이터 처리가 완료되었습니다.
🔄 엔진 데이터 처리를 시작합니다: 2025-07-03 17:51:45.592763
📊 주차 데이터 파싱 완료: 39개 공간 사용 중
✅ 원시 데이터가 저장되었습니다. (ID: 1214334)
✅ 97개 주차 공간 상태가 업데이트되었습니다.
📊 주차장 현황 요약:
   전체 공간: 97개
   사용 중: 39개
   이용 가능: 58개
   사용률: 40.2%
ℹ️  LPR 데이터 처리는 현재 비활성화되어 있습니다.
✅ 엔진 데이터 처리가 완료되었습니다.
🔄 엔진 데이터 처리를 시작합니다: 2025-07-03 17:51:47.593862
📊 주차 데이터 파싱 완료: 40개 공간 사용 중
✅ 원시 데이터가 저장되었습니다. (ID: 1214338)
✅ 97개 주차 공간 상태가 업데이트되었습니다.
📊 주차장 현황 요약:
   전체 공간: 97개
   사용 중: 40개
   이용 가능: 57개
   사용률: 41.2%
ℹ️  LPR 데이터 처리는 현재 비활성화되어 있습니다.
✅ 엔진 데이터 처리가 완료되었습니다.
🔄 엔진 데이터 처리를 시작합니다: 2025-07-03 17:51:49.594456
📊 주차 데이터 파싱 완료: 39개 공간 사용 중
✅ 원시 데이터가 저장되었습니다. (ID: 1214340)
✅ 97개 주차 공간 상태가 업데이트되었습니다.
📊 주차장 현황 요약:
   전체 공간: 97개
   사용 중: 39개
   이용 가능: 58개
   사용률: 40.2%
ℹ️  LPR 데이터 처리는 현재 비활성화되어 있습니다.
✅ 엔진 데이터 처리가 완료되었습니다.
🔄 엔진 데이터 처리를 시작합니다: 2025-07-03 17:51:51.594103
📊 주차 데이터 파싱 완료: 38개 공간 사용 중
✅ 원시 데이터가 저장되었습니다. (ID: 1214344)
✅ 97개 주차 공간 상태가 업데이트되었습니다.
📊 주차장 현황 요약:
   전체 공간: 97개
   사용 중: 38개
   이용 가능: 59개
   사용률: 39.2%
ℹ️  LPR 데이터 처리는 현재 비활성화되어 있습니다.
✅ 엔진 데이터 처리가 완료되었습니다.
🔄 엔진 데이터 처리를 시작합니다: 2025-07-03 17:51:53.593054
📊 주차 데이터 파싱 완료: 38개 공간 사용 중
✅ 원시 데이터가 저장되었습니다. (ID: 1214346)
✅ 97개 주차 공간 상태가 업데이트되었습니다.
📊 주차장 현황 요약:
   전체 공간: 97개
   사용 중: 38개
   이용 가능: 59개
   사용률: 39.2%
ℹ️  LPR 데이터 처리는 현재 비활성화되어 있습니다.
✅ 엔진 데이터 처리가 완료되었습니다.
🔄 엔진 데이터 처리를 시작합니다: 2025-07-03 17:51:55.594001
📊 주차 데이터 파싱 완료: 38개 공간 사용 중
✅ 원시 데이터가 저장되었습니다. (ID: 1214350)
✅ 97개 주차 공간 상태가 업데이트되었습니다.
📊 주차장 현황 요약:
   전체 공간: 97개
   사용 중: 38개
   이용 가능: 59개
   사용률: 39.2%
ℹ️  LPR 데이터 처리는 현재 비활성화되어 있습니다.
✅ 엔진 데이터 처리가 완료되었습니다.
🔄 엔진 데이터 처리를 시작합니다: 2025-07-03 17:51:57.593050
📊 주차 데이터 파싱 완료: 39개 공간 사용 중
✅ 원시 데이터가 저장되었습니다. (ID: 1214352)
✅ 97개 주차 공간 상태가 업데이트되었습니다.
📊 주차장 현황 요약:
   전체 공간: 97개
   사용 중: 39개
   이용 가능: 58개
   사용률: 40.2%
ℹ️  LPR 데이터 처리는 현재 비활성화되어 있습니다.
✅ 엔진 데이터 처리가 완료되었습니다.
🔄 엔진 데이터 처리를 시작합니다: 2025-07-03 17:51:59.593186
📊 주차 데이터 파싱 완료: 38개 공간 사용 중
✅ 원시 데이터가 저장되었습니다. (ID: 1214356)
✅ 97개 주차 공간 상태가 업데이트되었습니다.
📊 주차장 현황 요약:
   전체 공간: 97개
   사용 중: 38개
   이용 가능: 59개
   사용률: 39.2%
ℹ️  LPR 데이터 처리는 현재 비활성화되어 있습니다.
✅ 엔진 데이터 처리가 완료되었습니다.
🔄 엔진 데이터 처리를 시작합니다: 2025-07-03 17:52:01.593238
📊 주차 데이터 파싱 완료: 38개 공간 사용 중
✅ 원시 데이터가 저장되었습니다. (ID: 1214358)
✅ 97개 주차 공간 상태가 업데이트되었습니다.
📊 주차장 현황 요약:
   전체 공간: 97개
   사용 중: 38개
   이용 가능: 59개
   사용률: 39.2%
ℹ️  LPR 데이터 처리는 현재 비활성화되어 있습니다.
✅ 엔진 데이터 처리가 완료되었습니다.
🔄 엔진 데이터 처리를 시작합니다: 2025-07-03 17:52:03.593882
📊 주차 데이터 파싱 완료: 39개 공간 사용 중
✅ 원시 데이터가 저장되었습니다. (ID: 1214362)
✅ 97개 주차 공간 상태가 업데이트되었습니다.
📊 주차장 현황 요약:
   전체 공간: 97개
   사용 중: 39개
   이용 가능: 58개
   사용률: 40.2%
ℹ️  LPR 데이터 처리는 현재 비활성화되어 있습니다.
✅ 엔진 데이터 처리가 완료되었습니다.
🔄 엔진 데이터 처리를 시작합니다: 2025-07-03 17:52:05.594652
📊 주차 데이터 파싱 완료: 39개 공간 사용 중
✅ 원시 데이터가 저장되었습니다. (ID: 1214364)
✅ 97개 주차 공간 상태가 업데이트되었습니다.
📊 주차장 현황 요약:
   전체 공간: 97개
   사용 중: 39개
   이용 가능: 58개
   사용률: 40.2%
ℹ️  LPR 데이터 처리는 현재 비활성화되어 있습니다.
✅ 엔진 데이터 처리가 완료되었습니다.
🔄 엔진 데이터 처리를 시작합니다: 2025-07-03 17:52:07.592875
📊 주차 데이터 파싱 완료: 38개 공간 사용 중
✅ 원시 데이터가 저장되었습니다. (ID: 1214368)
✅ 97개 주차 공간 상태가 업데이트되었습니다.
📊 주차장 현황 요약:
   전체 공간: 97개
   사용 중: 38개
   이용 가능: 59개
   사용률: 39.2%
ℹ️  LPR 데이터 처리는 현재 비활성화되어 있습니다.
✅ 엔진 데이터 처리가 완료되었습니다.
🔄 엔진 데이터 처리를 시작합니다: 2025-07-03 17:52:09.594319
📊 주차 데이터 파싱 완료: 38개 공간 사용 중
✅ 원시 데이터가 저장되었습니다. (ID: 1214370)
✅ 97개 주차 공간 상태가 업데이트되었습니다.
📊 주차장 현황 요약:
   전체 공간: 97개
   사용 중: 38개
   이용 가능: 59개
   사용률: 39.2%
ℹ️  LPR 데이터 처리는 현재 비활성화되어 있습니다.
✅ 엔진 데이터 처리가 완료되었습니다.
🔄 엔진 데이터 처리를 시작합니다: 2025-07-03 17:52:11.594344
📊 주차 데이터 파싱 완료: 40개 공간 사용 중
✅ 원시 데이터가 저장되었습니다. (ID: 1214374)
✅ 97개 주차 공간 상태가 업데이트되었습니다.
📊 주차장 현황 요약:
   전체 공간: 97개
   사용 중: 40개
   이용 가능: 57개
   사용률: 41.2%
ℹ️  LPR 데이터 처리는 현재 비활성화되어 있습니다.
✅ 엔진 데이터 처리가 완료되었습니다.
🔄 엔진 데이터 처리를 시작합니다: 2025-07-03 17:52:13.594413
📊 주차 데이터 파싱 완료: 41개 공간 사용 중
✅ 원시 데이터가 저장되었습니다. (ID: 1214376)
✅ 97개 주차 공간 상태가 업데이트되었습니다.
📊 주차장 현황 요약:
   전체 공간: 97개
   사용 중: 41개
   이용 가능: 56개
   사용률: 42.3%
ℹ️  LPR 데이터 처리는 현재 비활성화되어 있습니다.
✅ 엔진 데이터 처리가 완료되었습니다.
🔄 엔진 데이터 처리를 시작합니다: 2025-07-03 17:52:15.594575
📊 주차 데이터 파싱 완료: 40개 공간 사용 중
✅ 원시 데이터가 저장되었습니다. (ID: 1214380)
✅ 97개 주차 공간 상태가 업데이트되었습니다.
📊 주차장 현황 요약:
   전체 공간: 97개
   사용 중: 40개
   이용 가능: 57개
   사용률: 41.2%
ℹ️  LPR 데이터 처리는 현재 비활성화되어 있습니다.
✅ 엔진 데이터 처리가 완료되었습니다.
🔄 엔진 데이터 처리를 시작합니다: 2025-07-03 17:52:17.593874
📊 주차 데이터 파싱 완료: 40개 공간 사용 중
✅ 원시 데이터가 저장되었습니다. (ID: 1214382)
✅ 97개 주차 공간 상태가 업데이트되었습니다.
📊 주차장 현황 요약:
   전체 공간: 97개
   사용 중: 40개
   이용 가능: 57개
   사용률: 41.2%
ℹ️  LPR 데이터 처리는 현재 비활성화되어 있습니다.
✅ 엔진 데이터 처리가 완료되었습니다.
🔄 엔진 데이터 처리를 시작합니다: 2025-07-03 17:52:19.593810
📊 주차 데이터 파싱 완료: 39개 공간 사용 중
✅ 원시 데이터가 저장되었습니다. (ID: 1214386)
✅ 97개 주차 공간 상태가 업데이트되었습니다.
📊 주차장 현황 요약:
   전체 공간: 97개
   사용 중: 39개
   이용 가능: 58개
   사용률: 40.2%
ℹ️  LPR 데이터 처리는 현재 비활성화되어 있습니다.
✅ 엔진 데이터 처리가 완료되었습니다.
🔄 엔진 데이터 처리를 시작합니다: 2025-07-03 17:52:21.597087
📊 주차 데이터 파싱 완료: 37개 공간 사용 중
✅ 원시 데이터가 저장되었습니다. (ID: 1214388)
✅ 97개 주차 공간 상태가 업데이트되었습니다.
📊 주차장 현황 요약:
   전체 공간: 97개
   사용 중: 37개
   이용 가능: 60개
   사용률: 38.1%
ℹ️  LPR 데이터 처리는 현재 비활성화되어 있습니다.
✅ 엔진 데이터 처리가 완료되었습니다.
🔄 엔진 데이터 처리를 시작합니다: 2025-07-03 17:52:23.593736
📊 주차 데이터 파싱 완료: 39개 공간 사용 중
✅ 원시 데이터가 저장되었습니다. (ID: 1214392)
✅ 97개 주차 공간 상태가 업데이트되었습니다.
📊 주차장 현황 요약:
   전체 공간: 97개
   사용 중: 39개
   이용 가능: 58개
   사용률: 40.2%
ℹ️  LPR 데이터 처리는 현재 비활성화되어 있습니다.
✅ 엔진 데이터 처리가 완료되었습니다.
🔄 엔진 데이터 처리를 시작합니다: 2025-07-03 17:52:25.593310
📊 주차 데이터 파싱 완료: 39개 공간 사용 중
✅ 원시 데이터가 저장되었습니다. (ID: 1214394)
✅ 97개 주차 공간 상태가 업데이트되었습니다.
📊 주차장 현황 요약:
   전체 공간: 97개
   사용 중: 39개
   이용 가능: 58개
   사용률: 40.2%
ℹ️  LPR 데이터 처리는 현재 비활성화되어 있습니다.
✅ 엔진 데이터 처리가 완료되었습니다.
🔄 엔진 데이터 처리를 시작합니다: 2025-07-03 17:52:27.594818
📊 주차 데이터 파싱 완료: 36개 공간 사용 중
✅ 원시 데이터가 저장되었습니다. (ID: 1214398)
✅ 97개 주차 공간 상태가 업데이트되었습니다.
📊 주차장 현황 요약:
   전체 공간: 97개
   사용 중: 36개
   이용 가능: 61개
   사용률: 37.1%
ℹ️  LPR 데이터 처리는 현재 비활성화되어 있습니다.
✅ 엔진 데이터 처리가 완료되었습니다.
🔄 엔진 데이터 처리를 시작합니다: 2025-07-03 17:52:29.593584
📊 주차 데이터 파싱 완료: 36개 공간 사용 중
✅ 원시 데이터가 저장되었습니다. (ID: 1214400)
✅ 97개 주차 공간 상태가 업데이트되었습니다.
📊 주차장 현황 요약:
   전체 공간: 97개
   사용 중: 36개
   이용 가능: 61개
   사용률: 37.1%
ℹ️  LPR 데이터 처리는 현재 비활성화되어 있습니다.
✅ 엔진 데이터 처리가 완료되었습니다.
🔄 엔진 데이터 처리를 시작합니다: 2025-07-03 17:52:31.592873
📊 주차 데이터 파싱 완료: 36개 공간 사용 중
✅ 원시 데이터가 저장되었습니다. (ID: 1214405)
✅ 97개 주차 공간 상태가 업데이트되었습니다.
📊 주차장 현황 요약:
   전체 공간: 97개
   사용 중: 36개
   이용 가능: 61개
   사용률: 37.1%
ℹ️  LPR 데이터 처리는 현재 비활성화되어 있습니다.
✅ 엔진 데이터 처리가 완료되었습니다.
🔄 엔진 데이터 처리를 시작합니다: 2025-07-03 17:52:33.595946
📊 주차 데이터 파싱 완료: 39개 공간 사용 중
✅ 원시 데이터가 저장되었습니다. (ID: 1214406)
✅ 97개 주차 공간 상태가 업데이트되었습니다.
📊 주차장 현황 요약:
   전체 공간: 97개
   사용 중: 39개
   이용 가능: 58개
   사용률: 40.2%
ℹ️  LPR 데이터 처리는 현재 비활성화되어 있습니다.
✅ 엔진 데이터 처리가 완료되었습니다.
🔄 엔진 데이터 처리를 시작합니다: 2025-07-03 17:52:35.593106
📊 주차 데이터 파싱 완료: 39개 공간 사용 중
✅ 원시 데이터가 저장되었습니다. (ID: 1214410)
✅ 97개 주차 공간 상태가 업데이트되었습니다.
📊 주차장 현황 요약:
   전체 공간: 97개
   사용 중: 39개
   이용 가능: 58개
   사용률: 40.2%
ℹ️  LPR 데이터 처리는 현재 비활성화되어 있습니다.
✅ 엔진 데이터 처리가 완료되었습니다.
🔄 엔진 데이터 처리를 시작합니다: 2025-07-03 17:52:37.593344
📊 주차 데이터 파싱 완료: 37개 공간 사용 중
✅ 원시 데이터가 저장되었습니다. (ID: 1214412)
✅ 97개 주차 공간 상태가 업데이트되었습니다.
📊 주차장 현황 요약:
   전체 공간: 97개
   사용 중: 37개
   이용 가능: 60개
   사용률: 38.1%
ℹ️  LPR 데이터 처리는 현재 비활성화되어 있습니다.
✅ 엔진 데이터 처리가 완료되었습니다.
🔄 엔진 데이터 처리를 시작합니다: 2025-07-03 17:52:39.593699
📊 주차 데이터 파싱 완료: 37개 공간 사용 중
✅ 원시 데이터가 저장되었습니다. (ID: 1214417)
✅ 97개 주차 공간 상태가 업데이트되었습니다.
📊 주차장 현황 요약:
   전체 공간: 97개
   사용 중: 37개
   이용 가능: 60개
   사용률: 38.1%
ℹ️  LPR 데이터 처리는 현재 비활성화되어 있습니다.
✅ 엔진 데이터 처리가 완료되었습니다.
🔄 엔진 데이터 처리를 시작합니다: 2025-07-03 17:52:41.593201
📊 주차 데이터 파싱 완료: 37개 공간 사용 중
✅ 원시 데이터가 저장되었습니다. (ID: 1214418)
✅ 97개 주차 공간 상태가 업데이트되었습니다.
📊 주차장 현황 요약:
   전체 공간: 97개
   사용 중: 37개
   이용 가능: 60개
   사용률: 38.1%
ℹ️  LPR 데이터 처리는 현재 비활성화되어 있습니다.
✅ 엔진 데이터 처리가 완료되었습니다.
🔄 엔진 데이터 처리를 시작합니다: 2025-07-03 17:52:43.592928
📊 주차 데이터 파싱 완료: 37개 공간 사용 중
✅ 원시 데이터가 저장되었습니다. (ID: 1214422)
✅ 97개 주차 공간 상태가 업데이트되었습니다.
📊 주차장 현황 요약:
   전체 공간: 97개
   사용 중: 37개
   이용 가능: 60개
   사용률: 38.1%
ℹ️  LPR 데이터 처리는 현재 비활성화되어 있습니다.
✅ 엔진 데이터 처리가 완료되었습니다.
🔄 엔진 데이터 처리를 시작합니다: 2025-07-03 17:52:45.591221
📊 주차 데이터 파싱 완료: 37개 공간 사용 중
✅ 원시 데이터가 저장되었습니다. (ID: 1214424)
✅ 97개 주차 공간 상태가 업데이트되었습니다.
📊 주차장 현황 요약:
   전체 공간: 97개
   사용 중: 37개
   이용 가능: 60개
   사용률: 38.1%
ℹ️  LPR 데이터 처리는 현재 비활성화되어 있습니다.
✅ 엔진 데이터 처리가 완료되었습니다.
🔄 엔진 데이터 처리를 시작합니다: 2025-07-03 17:52:47.592806
📊 주차 데이터 파싱 완료: 38개 공간 사용 중
✅ 원시 데이터가 저장되었습니다. (ID: 1214428)
✅ 97개 주차 공간 상태가 업데이트되었습니다.
📊 주차장 현황 요약:
   전체 공간: 97개
   사용 중: 38개
   이용 가능: 59개
   사용률: 39.2%
ℹ️  LPR 데이터 처리는 현재 비활성화되어 있습니다.
✅ 엔진 데이터 처리가 완료되었습니다.
🔄 엔진 데이터 처리를 시작합니다: 2025-07-03 17:52:49.593406
📊 주차 데이터 파싱 완료: 38개 공간 사용 중
✅ 원시 데이터가 저장되었습니다. (ID: 1214430)
✅ 97개 주차 공간 상태가 업데이트되었습니다.
📊 주차장 현황 요약:
   전체 공간: 97개
   사용 중: 38개
   이용 가능: 59개
   사용률: 39.2%
ℹ️  LPR 데이터 처리는 현재 비활성화되어 있습니다.
✅ 엔진 데이터 처리가 완료되었습니다.
🔄 엔진 데이터 처리를 시작합니다: 2025-07-03 17:52:51.592595
📊 주차 데이터 파싱 완료: 38개 공간 사용 중
✅ 원시 데이터가 저장되었습니다. (ID: 1214434)
✅ 97개 주차 공간 상태가 업데이트되었습니다.
📊 주차장 현황 요약:
   전체 공간: 97개
   사용 중: 38개
   이용 가능: 59개
   사용률: 39.2%
ℹ️  LPR 데이터 처리는 현재 비활성화되어 있습니다.
✅ 엔진 데이터 처리가 완료되었습니다.
🔄 엔진 데이터 처리를 시작합니다: 2025-07-03 17:52:53.592847
📊 주차 데이터 파싱 완료: 38개 공간 사용 중
✅ 원시 데이터가 저장되었습니다. (ID: 1214436)
✅ 97개 주차 공간 상태가 업데이트되었습니다.
📊 주차장 현황 요약:
   전체 공간: 97개
   사용 중: 38개
   이용 가능: 59개
   사용률: 39.2%
ℹ️  LPR 데이터 처리는 현재 비활성화되어 있습니다.
✅ 엔진 데이터 처리가 완료되었습니다.
🔄 엔진 데이터 처리를 시작합니다: 2025-07-03 17:52:55.591553
📊 주차 데이터 파싱 완료: 41개 공간 사용 중
✅ 원시 데이터가 저장되었습니다. (ID: 1214441)
✅ 97개 주차 공간 상태가 업데이트되었습니다.
📊 주차장 현황 요약:
   전체 공간: 97개
   사용 중: 41개
   이용 가능: 56개
   사용률: 42.3%
ℹ️  LPR 데이터 처리는 현재 비활성화되어 있습니다.
✅ 엔진 데이터 처리가 완료되었습니다.
🔄 엔진 데이터 처리를 시작합니다: 2025-07-03 17:52:57.593227
📊 주차 데이터 파싱 완료: 39개 공간 사용 중
✅ 원시 데이터가 저장되었습니다. (ID: 1214442)
✅ 97개 주차 공간 상태가 업데이트되었습니다.
📊 주차장 현황 요약:
   전체 공간: 97개
   사용 중: 39개
   이용 가능: 58개
   사용률: 40.2%
ℹ️  LPR 데이터 처리는 현재 비활성화되어 있습니다.
✅ 엔진 데이터 처리가 완료되었습니다.
🔄 엔진 데이터 처리를 시작합니다: 2025-07-03 17:52:59.592540
📊 주차 데이터 파싱 완료: 37개 공간 사용 중
✅ 원시 데이터가 저장되었습니다. (ID: 1214447)
✅ 97개 주차 공간 상태가 업데이트되었습니다.
📊 주차장 현황 요약:
   전체 공간: 97개
   사용 중: 37개
   이용 가능: 60개
   사용률: 38.1%
ℹ️  LPR 데이터 처리는 현재 비활성화되어 있습니다.
✅ 엔진 데이터 처리가 완료되었습니다.
🔄 엔진 데이터 처리를 시작합니다: 2025-07-03 17:53:01.591554
📊 주차 데이터 파싱 완료: 37개 공간 사용 중
✅ 원시 데이터가 저장되었습니다. (ID: 1214448)
✅ 97개 주차 공간 상태가 업데이트되었습니다.
📊 주차장 현황 요약:
   전체 공간: 97개
   사용 중: 37개
   이용 가능: 60개
   사용률: 38.1%
ℹ️  LPR 데이터 처리는 현재 비활성화되어 있습니다.
✅ 엔진 데이터 처리가 완료되었습니다.
🔄 엔진 데이터 처리를 시작합니다: 2025-07-03 17:53:03.593162
📊 주차 데이터 파싱 완료: 39개 공간 사용 중
✅ 원시 데이터가 저장되었습니다. (ID: 1214453)
✅ 97개 주차 공간 상태가 업데이트되었습니다.
📊 주차장 현황 요약:
   전체 공간: 97개
   사용 중: 39개
   이용 가능: 58개
   사용률: 40.2%
ℹ️  LPR 데이터 처리는 현재 비활성화되어 있습니다.
✅ 엔진 데이터 처리가 완료되었습니다.
🔄 엔진 데이터 처리를 시작합니다: 2025-07-03 17:53:05.592212
📊 주차 데이터 파싱 완료: 38개 공간 사용 중
✅ 원시 데이터가 저장되었습니다. (ID: 1214454)
✅ 97개 주차 공간 상태가 업데이트되었습니다.
📊 주차장 현황 요약:
   전체 공간: 97개
   사용 중: 38개
   이용 가능: 59개
   사용률: 39.2%
ℹ️  LPR 데이터 처리는 현재 비활성화되어 있습니다.
✅ 엔진 데이터 처리가 완료되었습니다.
🔄 엔진 데이터 처리를 시작합니다: 2025-07-03 17:53:07.591691
📊 주차 데이터 파싱 완료: 38개 공간 사용 중
✅ 원시 데이터가 저장되었습니다. (ID: 1214458)
✅ 97개 주차 공간 상태가 업데이트되었습니다.
📊 주차장 현황 요약:
   전체 공간: 97개
   사용 중: 38개
   이용 가능: 59개
   사용률: 39.2%
ℹ️  LPR 데이터 처리는 현재 비활성화되어 있습니다.
✅ 엔진 데이터 처리가 완료되었습니다.
🔄 엔진 데이터 처리를 시작합니다: 2025-07-03 17:53:09.592743
📊 주차 데이터 파싱 완료: 41개 공간 사용 중
✅ 원시 데이터가 저장되었습니다. (ID: 1214460)
✅ 97개 주차 공간 상태가 업데이트되었습니다.
📊 주차장 현황 요약:
   전체 공간: 97개
   사용 중: 41개
   이용 가능: 56개
   사용률: 42.3%
ℹ️  LPR 데이터 처리는 현재 비활성화되어 있습니다.
✅ 엔진 데이터 처리가 완료되었습니다.
🔄 엔진 데이터 처리를 시작합니다: 2025-07-03 17:53:11.591748
📊 주차 데이터 파싱 완료: 36개 공간 사용 중
✅ 원시 데이터가 저장되었습니다. (ID: 1214464)
✅ 97개 주차 공간 상태가 업데이트되었습니다.
📊 주차장 현황 요약:
   전체 공간: 97개
   사용 중: 36개
   이용 가능: 61개
   사용률: 37.1%
ℹ️  LPR 데이터 처리는 현재 비활성화되어 있습니다.
✅ 엔진 데이터 처리가 완료되었습니다.
🔄 엔진 데이터 처리를 시작합니다: 2025-07-03 17:53:13.593398
📊 주차 데이터 파싱 완료: 36개 공간 사용 중
✅ 원시 데이터가 저장되었습니다. (ID: 1214466)
✅ 97개 주차 공간 상태가 업데이트되었습니다.
📊 주차장 현황 요약:
   전체 공간: 97개
   사용 중: 36개
   이용 가능: 61개
   사용률: 37.1%
ℹ️  LPR 데이터 처리는 현재 비활성화되어 있습니다.
✅ 엔진 데이터 처리가 완료되었습니다.
🔄 엔진 데이터 처리를 시작합니다: 2025-07-03 17:53:15.592562
📊 주차 데이터 파싱 완료: 39개 공간 사용 중
✅ 원시 데이터가 저장되었습니다. (ID: 1214470)
✅ 97개 주차 공간 상태가 업데이트되었습니다.
📊 주차장 현황 요약:
   전체 공간: 97개
   사용 중: 39개
   이용 가능: 58개
   사용률: 40.2%
ℹ️  LPR 데이터 처리는 현재 비활성화되어 있습니다.
✅ 엔진 데이터 처리가 완료되었습니다.
🔄 엔진 데이터 처리를 시작합니다: 2025-07-03 17:53:17.592651
📊 주차 데이터 파싱 완료: 39개 공간 사용 중
✅ 원시 데이터가 저장되었습니다. (ID: 1214472)
✅ 97개 주차 공간 상태가 업데이트되었습니다.
📊 주차장 현황 요약:
   전체 공간: 97개
   사용 중: 39개
   이용 가능: 58개
   사용률: 40.2%
ℹ️  LPR 데이터 처리는 현재 비활성화되어 있습니다.
✅ 엔진 데이터 처리가 완료되었습니다.
🔄 엔진 데이터 처리를 시작합니다: 2025-07-03 17:53:19.591625
📊 주차 데이터 파싱 완료: 38개 공간 사용 중
✅ 원시 데이터가 저장되었습니다. (ID: 1214476)
✅ 97개 주차 공간 상태가 업데이트되었습니다.
📊 주차장 현황 요약:
   전체 공간: 97개
   사용 중: 38개
   이용 가능: 59개
   사용률: 39.2%
ℹ️  LPR 데이터 처리는 현재 비활성화되어 있습니다.
✅ 엔진 데이터 처리가 완료되었습니다.
🔄 엔진 데이터 처리를 시작합니다: 2025-07-03 17:53:21.592289
📊 주차 데이터 파싱 완료: 38개 공간 사용 중
✅ 원시 데이터가 저장되었습니다. (ID: 1214478)
✅ 97개 주차 공간 상태가 업데이트되었습니다.
📊 주차장 현황 요약:
   전체 공간: 97개
   사용 중: 38개
   이용 가능: 59개
   사용률: 39.2%
ℹ️  LPR 데이터 처리는 현재 비활성화되어 있습니다.
✅ 엔진 데이터 처리가 완료되었습니다.
🔄 엔진 데이터 처리를 시작합니다: 2025-07-03 17:53:23.593320
📊 주차 데이터 파싱 완료: 38개 공간 사용 중
✅ 원시 데이터가 저장되었습니다. (ID: 1214482)
✅ 97개 주차 공간 상태가 업데이트되었습니다.
📊 주차장 현황 요약:
   전체 공간: 97개
   사용 중: 38개
   이용 가능: 59개
   사용률: 39.2%
ℹ️  LPR 데이터 처리는 현재 비활성화되어 있습니다.
✅ 엔진 데이터 처리가 완료되었습니다.
🔄 엔진 데이터 처리를 시작합니다: 2025-07-03 17:53:25.591636
📊 주차 데이터 파싱 완료: 38개 공간 사용 중
✅ 원시 데이터가 저장되었습니다. (ID: 1214484)
✅ 97개 주차 공간 상태가 업데이트되었습니다.
📊 주차장 현황 요약:
   전체 공간: 97개
   사용 중: 38개
   이용 가능: 59개
   사용률: 39.2%
ℹ️  LPR 데이터 처리는 현재 비활성화되어 있습니다.
✅ 엔진 데이터 처리가 완료되었습니다.
🔄 엔진 데이터 처리를 시작합니다: 2025-07-03 17:53:27.592959
📊 주차 데이터 파싱 완료: 33개 공간 사용 중
✅ 원시 데이터가 저장되었습니다. (ID: 1214489)
✅ 97개 주차 공간 상태가 업데이트되었습니다.
📊 주차장 현황 요약:
   전체 공간: 97개
   사용 중: 33개
   이용 가능: 64개
   사용률: 34.0%
ℹ️  LPR 데이터 처리는 현재 비활성화되어 있습니다.
✅ 엔진 데이터 처리가 완료되었습니다.
🔄 엔진 데이터 처리를 시작합니다: 2025-07-03 17:53:29.592748
📊 주차 데이터 파싱 완료: 32개 공간 사용 중
✅ 원시 데이터가 저장되었습니다. (ID: 1214490)
✅ 97개 주차 공간 상태가 업데이트되었습니다.
📊 주차장 현황 요약:
   전체 공간: 97개
   사용 중: 32개
   이용 가능: 65개
   사용률: 33.0%
ℹ️  LPR 데이터 처리는 현재 비활성화되어 있습니다.
✅ 엔진 데이터 처리가 완료되었습니다.
🔄 엔진 데이터 처리를 시작합니다: 2025-07-03 17:53:31.592134
